
[20:02:38.428] ------------------------------
[20:02:38.439] MelonLoader v0.7.0 Open-Beta
[20:02:38.440] OS: Windows 10
[20:02:38.441] Hash Code: 72EB65FC06D8CACD193CD21D9E7D708128C85D36C429D62C2BE9BB24217EF1EC
[20:02:38.441] ------------------------------
[20:02:38.442] Game Type: Il2cpp
[20:02:38.442] Game Arch: x64
[20:02:38.442] ------------------------------
[20:02:38.442] Command-Line: 
[20:02:38.443] ------------------------------
[20:02:38.443] Core::BasePath = C:\Users\Administrator\Pictures\Pvz\GameFiles
[20:02:38.443] Game::BasePath = C:\Users\Administrator\Pictures\Pvz\GameFiles
[20:02:38.444] Game::DataPath = C:\Users\Administrator\Pictures\Pvz\GameFiles\PlantsVsZombiesRH_Data
[20:02:38.444] Game::ApplicationPath = C:\Users\Administrator\Pictures\Pvz\GameFiles\PlantsVsZombiesRH.exe
[20:02:38.444] Runtime Type: net6
[20:02:38.621] ------------------------------
[20:02:38.621] Game Name: PlantsVsZombiesRH
[20:02:38.621] Game Developer: LanPiaoPiao
[20:02:38.624] Unity Version: 2022.3.20f1c1
[20:02:38.624] Game Version: 2.5
[20:02:38.625] ------------------------------

[20:02:40.258] Preferences Loaded!

[20:02:40.296] Loading UserLibs...
[20:02:40.338] ------------------------------
[20:02:40.343] Melon Assembly loaded: '.\UserLibs\ToolModData.dll'
[20:02:40.344] SHA256 Hash: 'AD02DA2D1CB0DB2D2A011F4847D2961596CF48C677D02A78655C647F4237AB56'
[20:02:40.344] ------------------------------
[20:02:40.344] 0 UserLibs loaded.

[20:02:40.346] Loading Plugins...
[20:02:40.356] 0 Plugins loaded.

[20:02:41.011] Loading Il2CppAssemblyGenerator...
[20:02:41.060] [Il2CppAssemblyGenerator] Using Cpp2IL Version: 2022.1.0-pre-release.19
[20:02:41.060] [Il2CppAssemblyGenerator] Using Il2CppInterop Version = 1.4.6-ci.579+9d4599dc78d69ede49a2ee96a1ccf41eec02db5b
[20:02:41.062] [Il2CppAssemblyGenerator] Using Unity Dependencies Version = 2022.3.20
[20:02:41.066] [Il2CppAssemblyGenerator] Using Deobfuscation Regex = null
[20:02:41.067] [Il2CppAssemblyGenerator] Cpp2IL is up to date.
[20:02:41.068] [Il2CppAssemblyGenerator] Cpp2IL.Plugin.StrippedCodeRegSupport is up to date.
[20:02:41.069] [Il2CppAssemblyGenerator] UnityDependencies is up to date.
[20:02:41.069] [Il2CppAssemblyGenerator] Checking GameAssembly...
[20:02:41.251] [Il2CppAssemblyGenerator] Assembly is up to date. No Generation Needed.

[20:02:41.253] Loading Mods...
[20:02:41.371] ------------------------------
[20:02:41.422] Melon Assembly loaded: '.\Mods\AudioImportLib.dll'
[20:02:41.423] SHA256 Hash: '92484FABE1C1F12590112FFCABDEBE5DA6FC23D38A0DFB77DD344589716C50DF'
[20:02:41.429] Melon Assembly loaded: '.\Mods\Better_Pot_Fusion.dll'
[20:02:41.429] SHA256 Hash: '3DB80218CF758CD910E3C6B93AFFBCA206A58574A4E9EF9F3E1F4CD5864C51C7'
[20:02:41.432] Melon Assembly loaded: '.\Mods\Better_Pumpkin_Fusion.dll'
[20:02:41.432] SHA256 Hash: '6F7D1C91BF2291654305498E051D296C34A7586031CB242EE63E2CD866AFE81A'
[20:02:41.443] Melon Assembly loaded: '.\Mods\CherryHypnoGatlingBlover.MelonLoader.dll'
[20:02:41.443] SHA256 Hash: 'C0BAA52684FC56DCEFA61925D68196A57420DD5F899D34B6406B3B6D746E7636'
[20:02:41.446] Melon Assembly loaded: '.\Mods\CustomizeLib.MelonLoader.dll'
[20:02:41.446] SHA256 Hash: '7BC8AC483549C543E64CDBCA5D14D60DF546A259EFF8D109B795804041409C92'
[20:02:41.477] Melon Assembly loaded: '.\Mods\ElectricPeaReborn.MelonLoader.dll'
[20:02:41.477] SHA256 Hash: 'B63856253E504632D70C243C69093A15008632DF124EB70148260E118B5EBB8D'
[20:02:41.481] Melon Assembly loaded: '.\Mods\FIDLoader.dll'
[20:02:41.482] SHA256 Hash: '4D02D5D26855C8E1BBCC4434D9019805EB603852D15EF9A83D64BCE3068CC632'
[20:02:41.488] Melon Assembly loaded: '.\Mods\GatlingIronPuff.MelonLoader.dll'
[20:02:41.488] SHA256 Hash: '06573EF3DB0B9D0EBA712F69C59B4CE7882EFAE8834821FA198666A92056FDA5'
[20:02:41.494] Melon Assembly loaded: '.\Mods\HypnoSquash.MelonLoader.dll'
[20:02:41.495] SHA256 Hash: '8558CE4C06E6E986B9793AC9E5AEF4347C7B9270F059E1428CF79B7D798109F4'
[20:02:41.499] Melon Assembly loaded: '.\Mods\IceDoomCherryJalapeno.MelonLoader.dll'
[20:02:41.499] SHA256 Hash: '32464273B541B58F8FE80D64DF7AB40954B1E3FDBA32C2030E74B6A95AD15984'
[20:02:41.505] Melon Assembly loaded: '.\Mods\IceDoomScaredyShroom.MelonLoader.dll'
[20:02:41.506] SHA256 Hash: 'EE0EBE8F9DA85811538D377507006F93BB08D6B38FBDBF2325A169DAD455141F'
[20:02:41.534] Melon Assembly loaded: '.\Mods\IceMelonCannon.MelonLoader.dll'
[20:02:41.534] SHA256 Hash: '20AEE878F7D47D4B998FB527949F9B4F9AD2B30AFA518915AB67EF192D40CC6E'
[20:02:41.561] Melon Assembly loaded: '.\Mods\IronPeasExtra.MelonLoader.dll'
[20:02:41.561] SHA256 Hash: 'E71B59C32BC7C536369183A90FBF5C20439A19527BD8E7F9E227E45F2375250E'
[20:02:41.575] Melon Assembly loaded: '.\Mods\MilkyBlover.MelonLoader.dll'
[20:02:41.576] SHA256 Hash: 'F8B713A9B468B061FD48750E72FA0EBB8DB99D3D856A40740E71CA24A56F23D1'
[20:02:41.590] Melon Assembly loaded: '.\Mods\ObsidianDollZombie.MelonLoader.dll'
[20:02:41.590] SHA256 Hash: 'E4F17209BF492D26F5F6F94F25BFCF3027F15FEE4D87E438765A78EB42EB430F'
[20:02:41.599] Melon Assembly loaded: '.\Mods\ObsidianRandomZombie.MelonLoader.dll'
[20:02:41.608] SHA256 Hash: '888AD134E132D8362253DF5F27392A7259D4E36193C4432E84D2082D10F1423C'
[20:02:41.613] Melon Assembly loaded: '.\Mods\PvZ-Fusion-DRPC.dll'
[20:02:41.613] SHA256 Hash: 'E1CBE68F56CA45C468402F943C8CF9F65B72EE57A8D5C6D8C7364CA9B73DF54B'
[20:02:41.627] Melon Assembly loaded: '.\Mods\PVZRH_PlM.dll'
[20:02:41.628] SHA256 Hash: '74FE9CE1A85D4F9D1D6B571A656F039F86AFEBB2C51A9E14CFEAFBB24F8795DC'
[20:02:41.636] Melon Assembly loaded: '.\Mods\PvZ_Fusion_Translator.dll'
[20:02:41.639] SHA256 Hash: '0EE7D6DDFAA03AF87A4EE644C717305090EFCB544044498E4325CAE68F7216DC'
[20:02:41.644] Melon Assembly loaded: '.\Mods\SelectCustomPlants.MelonLoader.dll'
[20:02:41.646] SHA256 Hash: '35316035A625C5BB37BDC0004A76DD436363A1E8DF0A9327AA9F31F9A17A6288'
[20:02:41.672] Melon Assembly loaded: '.\Mods\SuperDiamondNut.MelonLoader.dll'
[20:02:41.672] SHA256 Hash: '5D1FB678DD1262ABFFA7FEB0319537FB99BAF1E4EED43BC2D0F6F362CEA39687'
[20:02:41.680] Melon Assembly loaded: '.\Mods\SuperDoomSqualour.MelonLoader.dll'
[20:02:41.680] SHA256 Hash: 'AF6A14AFD8257C26486FF3A451E6FFDB11AB28542FEE0E1C10F894C1D3B26B1A'
[20:02:41.693] Melon Assembly loaded: '.\Mods\SuperGarlicFume.MelonLoader.dll'
[20:02:41.693] SHA256 Hash: '2E9AF3BB59AE225B6CAD18B7FF9C54B54BDD208B403C38FE480AF166C7C54331'
[20:02:41.739] Melon Assembly loaded: '.\Mods\SuperUmbrellasExtra.MelonLoader.dll'
[20:02:41.739] SHA256 Hash: 'E778F3333C6AFE063F8D7B59868A4E153D1CC997E10CB06811D528ABEAE6C9B9'
[20:02:41.744] Melon Assembly loaded: '.\Mods\ToolMod.dll'
[20:02:41.744] SHA256 Hash: '56E39FDB073BEDFF9E5471F3FE9431922D83428598151495906D7330CCF6BE3D'
[20:02:41.752] Melon Assembly loaded: '.\Mods\UltimateCornPlus.MelonLoader.dll'
[20:02:41.753] SHA256 Hash: '6D7FC5F1109EBA8B6A390706012E39006B5B1A22B49DB79F1A05DA2251B6CC2A'
[20:02:41.765] Melon Assembly loaded: '.\Mods\UltimateWinterMelonCannon.MelonLoader.dll'
[20:02:41.765] SHA256 Hash: 'E125470573420DB9A306D45A00FC87AE16F918C26FA35CE31A683B4FCDEA99A8'

[20:02:42.152] ------------------------------
[20:02:42.153] Better Pot Fusion v231.0.0
[20:02:42.154] by dynaslash, JustNull & Mamoru-kun
[20:02:42.158] Assembly: Better_Pot_Fusion.dll
[20:02:42.158] ------------------------------
[20:02:42.161] ------------------------------
[20:02:42.161] Better Pumpkin Fusion v231.0.0
[20:02:42.161] by dynaslash, JustNull & Mamoru-kun
[20:02:42.163] Assembly: Better_Pumpkin_Fusion.dll
[20:02:42.166] ------------------------------
[20:02:42.171] ------------------------------
[20:02:42.171] Fusion ID .fid Loader v1.0.0
[20:02:42.172] by Fusion-ID
[20:02:42.173] Assembly: FIDLoader.dll
[20:02:42.173] ------------------------------
[20:02:42.176] ------------------------------
[20:02:42.177] PvZ Fusion Discord Rich Presence v1.0.0
[20:02:42.177] by cassidy
[20:02:42.181] Assembly: PvZ-Fusion-DRPC.dll
[20:02:42.181] ------------------------------
[20:02:42.189] ------------------------------
[20:02:42.189] PvZ Fusion Translator v0.3.0
[20:02:42.190] by dynaslash / arifrios1st
[20:02:42.193] Assembly: PvZ_Fusion_Translator.dll
[20:02:42.193] ------------------------------
[20:02:42.196] ------------------------------
[20:02:42.196] PVZRH_PlM v2.5.1
[20:02:42.197] by Salmon
[20:02:42.200] Assembly: PVZRH_PlM.dll
[20:02:42.201] ------------------------------
[20:02:42.206] ------------------------------
[20:02:42.206] PVZRHCustomization v2.5.1-2.3
[20:02:42.206] by Infinite75
[20:02:42.207] Assembly: CustomizeLib.MelonLoader.dll
[20:02:42.207] ------------------------------
[20:02:42.211] ------------------------------
[20:02:42.212] CherryHypnoGatlingBlover v1.0.0
[20:02:42.212] by likefengzi
[20:02:42.215] Assembly: CherryHypnoGatlingBlover.MelonLoader.dll
[20:02:42.215] ------------------------------
[20:02:42.219] ------------------------------
[20:02:42.220] ElectricPeaReborn v1.0
[20:02:42.220] by Infinite75
[20:02:42.220] Assembly: ElectricPeaReborn.MelonLoader.dll
[20:02:42.221] ------------------------------
[20:02:42.228] ------------------------------
[20:02:42.228] GatlingIronPuff v1.0.0
[20:02:42.229] by likefengzi
[20:02:42.229] Assembly: GatlingIronPuff.MelonLoader.dll
[20:02:42.229] ------------------------------
[20:02:42.232] ------------------------------
[20:02:42.232] HypnoSquash v1.0
[20:02:42.233] by Infinite75
[20:02:42.238] Assembly: HypnoSquash.MelonLoader.dll
[20:02:42.239] ------------------------------
[20:02:42.242] ------------------------------
[20:02:42.242] IceDoomCherryJalapeno v1.0
[20:02:42.242] by Infinite75
[20:02:42.243] Assembly: IceDoomCherryJalapeno.MelonLoader.dll
[20:02:42.245] ------------------------------
[20:02:42.249] ------------------------------
[20:02:42.250] IceDoomScaredyShroom v1.0
[20:02:42.254] by Infinite75
[20:02:42.255] Assembly: IceDoomScaredyShroom.MelonLoader.dll
[20:02:42.256] ------------------------------
[20:02:42.258] ------------------------------
[20:02:42.258] IceMelonCannon v1.0
[20:02:42.258] by Infinite75
[20:02:42.259] Assembly: IceMelonCannon.MelonLoader.dll
[20:02:42.262] ------------------------------
[20:02:42.266] ------------------------------
[20:02:42.266] IronPeasExtra v1.0
[20:02:42.267] by Infinite75
[20:02:42.268] Assembly: IronPeasExtra.MelonLoader.dll
[20:02:42.269] ------------------------------
[20:02:42.272] ------------------------------
[20:02:42.273] MilkyBlover v1.0
[20:02:42.274] by Infinite75
[20:02:42.277] Assembly: MilkyBlover.MelonLoader.dll
[20:02:42.277] ------------------------------
[20:02:42.280] ------------------------------
[20:02:42.280] ObsidianDollZombie v1.0
[20:02:42.281] by Infinite75
[20:02:42.281] Assembly: ObsidianDollZombie.MelonLoader.dll
[20:02:42.282] ------------------------------
[20:02:42.287] ------------------------------
[20:02:42.287] ObsidianRandomZombie v1.0
[20:02:42.287] by Infinite75
[20:02:42.287] Assembly: ObsidianRandomZombie.MelonLoader.dll
[20:02:42.288] ------------------------------
[20:02:42.293] ------------------------------
[20:02:42.293] SelectCustomPlants v1.0.0
[20:02:42.293] by likefengzi
[20:02:42.293] Assembly: SelectCustomPlants.MelonLoader.dll
[20:02:42.294] ------------------------------
[20:02:42.297] ------------------------------
[20:02:42.297] SuperDiamondNut v1.0
[20:02:42.300] by Infinite75
[20:02:42.303] Assembly: SuperDiamondNut.MelonLoader.dll
[20:02:42.303] ------------------------------
[20:02:42.306] ------------------------------
[20:02:42.306] SuperDoomSqualour v1.0
[20:02:42.306] by Infinite75
[20:02:42.307] Assembly: SuperDoomSqualour.MelonLoader.dll
[20:02:42.309] ------------------------------
[20:02:42.315] ------------------------------
[20:02:42.315] SuperGarlicFume v1.0
[20:02:42.315] by Infinite75
[20:02:42.316] Assembly: SuperGarlicFume.MelonLoader.dll
[20:02:42.318] ------------------------------
[20:02:42.321] ------------------------------
[20:02:42.321] SuperUmbrellasExtra v1.0
[20:02:42.322] by Infinite75
[20:02:42.325] Assembly: SuperUmbrellasExtra.MelonLoader.dll
[20:02:42.326] ------------------------------
[20:02:42.329] ------------------------------
[20:02:42.329] ToolMod v2.5.1-3.22
[20:02:42.329] by Infinite75
[20:02:42.330] Assembly: ToolMod.dll
[20:02:42.330] ------------------------------
[20:02:42.338] ------------------------------
[20:02:42.338] UltimateCornPlus v1.0.0
[20:02:42.338] by likefengzi
[20:02:42.339] Assembly: UltimateCornPlus.MelonLoader.dll
[20:02:42.340] ------------------------------
[20:02:42.345] ------------------------------
[20:02:42.345] UltimateWinterMelonCannon v1.0
[20:02:42.347] by Infinite75
[20:02:42.348] Assembly: UltimateWinterMelonCannon.MelonLoader.dll
[20:02:42.349] ------------------------------
[20:02:42.352] ------------------------------
[20:02:42.352] AudioImportLib v1.0.0
[20:02:42.353] by trev & zCubed
[20:02:42.353] Assembly: AudioImportLib.dll
[20:02:42.354] ------------------------------
[20:02:42.354] ------------------------------
[20:02:42.354] 27 Mods loaded.

[20:02:43.851] [Il2CppInterop] Class::Init signatures have been exhausted, using a substitute!
[20:02:44.162] [Il2CppInterop] Registered mono type Il2CppInterop.Runtime.DelegateSupport+Il2CppToMonoDelegateReference in il2cpp domain
[20:02:44.255] [Il2CppInterop] Registered mono type MelonLoader.Support.MonoEnumeratorWrapper in il2cpp domain
[20:02:44.316] [Il2CppInterop] Registered mono type MelonLoader.Support.SM_Component in il2cpp domain
[20:02:44.336] Support Module Loaded: C:\Users\Administrator\Pictures\Pvz\GameFiles\MelonLoader\Dependencies\SupportModules\Il2Cpp.dll
[20:02:44.702] [Il2CppInterop] Registered mono type CherryHypnoGatlingBlover.MelonLoader.Bullet_HypnoCherry in il2cpp domain
[20:02:44.747] [Il2CppInterop] Registered mono type CherryHypnoGatlingBlover.MelonLoader.CherryHypnoGatlingBlover in il2cpp domain
[20:02:44.791] [Il2CppInterop] Registered mono type ElectricPeaReborn.MelonLoader.Bullet_electricPea in il2cpp domain
[20:02:44.859] [Il2CppInterop] Registered mono type ElectricPeaReborn.MelonLoader.ElectricPea in il2cpp domain
[20:02:45.241] [Il2CppInterop] Registered mono type GatlingIronPuff.MelonLoader.Bullet_PuffIronPeaPierce in il2cpp domain
[20:02:45.304] [Il2CppInterop] Registered mono type GatlingIronPuff.MelonLoader.GatlingIronPuff in il2cpp domain
[20:02:45.356] [Il2CppInterop] Registered mono type IceDoomCherryJalapeno.MelonLoader.IceDoomCherryJalapeno in il2cpp domain
[20:02:45.396] [Il2CppInterop] Registered mono type IceDoomScaredyShroom.MelonLoader.IceDoomScaredyShroom in il2cpp domain
[20:02:45.438] [Il2CppInterop] Registered mono type IceMelonCannon.MelonLoader.IceMelonCannon in il2cpp domain
[20:02:45.486] [Il2CppInterop] Registered mono type IronPeasExtra.MelonLoader.BigIronGatlingPea in il2cpp domain
[20:02:45.529] [Il2CppInterop] Registered mono type IronPeasExtra.MelonLoader.SuperIronGatling in il2cpp domain
[20:02:45.583] [Il2CppInterop] Registered mono type MilkyBlover.MelonLoader.MilkyBlover in il2cpp domain
[20:02:45.630] [Il2CppInterop] Registered mono type ObsidianDollZombie.MelonLoader.ObsidianDollZombie in il2cpp domain
[20:02:45.676] [Il2CppInterop] Registered mono type ObsidianRandomZombie.MelonLoader.ObsidianRandomZombie in il2cpp domain
[20:02:45.722] [Il2CppInterop] Registered mono type SuperDiamondNut.MelonLoader.SuperDiamondNut in il2cpp domain
[20:02:45.764] [Il2CppInterop] Registered mono type SuperDoomSqualour.MelonLoader.SuperDoomSqualour in il2cpp domain
[20:02:45.811] [Il2CppInterop] Registered mono type SuperGarlicFume.MelonLoader.SuperGarlicFume in il2cpp domain
[20:02:45.856] [Il2CppInterop] Registered mono type SuperUmbrellasExtra.MelonLoader.SuperChomperUmbrella in il2cpp domain
[20:02:45.896] [Il2CppInterop] Registered mono type SuperUmbrellasExtra.MelonLoader.SuperCornUmbrella in il2cpp domain
[20:02:45.934] [Il2CppInterop] Registered mono type SuperUmbrellasExtra.MelonLoader.SuperDoomUmbrella in il2cpp domain
[20:02:45.979] [Il2CppInterop] Registered mono type SuperUmbrellasExtra.MelonLoader.SuperGarlicUmbrella in il2cpp domain
[20:02:46.017] [Il2CppInterop] Registered mono type SuperUmbrellasExtra.MelonLoader.SuperHypnoUmbrella in il2cpp domain
[20:02:46.070] [Il2CppInterop] Registered mono type SuperUmbrellasExtra.MelonLoader.SuperIceUmbrella in il2cpp domain
[20:02:46.129] [Il2CppInterop] Registered mono type SuperUmbrellasExtra.MelonLoader.SuperJalapenoUmbrella in il2cpp domain
[20:02:46.183] [Il2CppInterop] Registered mono type ToolMod.DataProcessor in il2cpp domain
[20:02:46.250] [Il2CppInterop] Registered mono type ToolMod.PatchMgr in il2cpp domain
[20:02:46.533] [Il2CppInterop] Registered mono type UltimateCornPlus.MelonLoader.Bullet_UltimateButter in il2cpp domain
[20:02:46.586] [Il2CppInterop] Registered mono type UltimateCornPlus.MelonLoader.UltimateCornPlus in il2cpp domain
[20:02:46.646] [Il2CppInterop] Registered mono type UltimateWinterMelonCannon.MelonLoader.UltimateWinterMelonCannon in il2cpp domain
[20:02:53.665] Better Pot Fusion is loaded!
[20:02:53.666] Better Pot Fusion is loaded!
[20:02:53.667] OnApplicationStart
[20:02:57.600] [PvZ_Fusion_Translator] Textures loaded successfully.
[20:02:57.635] [PvZ Fusion Translator] Preferences Saved!
[20:02:57.637] [AudioImportLib] Loading BASS from C:\Users\Administrator\Pictures\Pvz\GameFiles\UserData\AudioImportLib\bass.dll
[20:02:58.195] [PvZ_Fusion_Translator] Added Override: Boss
[20:02:58.746] [PvZ_Fusion_Translator] Added Override: Boss2
[20:02:59.104] [PvZ_Fusion_Translator] Added Override: Day
[20:02:59.462] [PvZ_Fusion_Translator] Added Override: Day_drum
[20:02:59.894] [PvZ_Fusion_Translator] Added Override: Fog
[20:03:00.353] [PvZ_Fusion_Translator] Added Override: Fog_drum
[20:03:00.708] [PvZ_Fusion_Translator] Added Override: Garden
[20:03:01.361] [PvZ_Fusion_Translator] Added Override: IZ
[20:03:01.712] [PvZ_Fusion_Translator] Added Override: loon
[20:03:01.926] [PvZ_Fusion_Translator] Added Override: MainMenu
[20:03:02.284] [PvZ_Fusion_Translator] Added Override: MainMenu2.0.4
[20:03:02.613] [PvZ_Fusion_Translator] Added Override: MainMenu2.1.6
[20:03:02.868] [PvZ_Fusion_Translator] Added Override: MainMenu2.4.2
[20:03:03.368] [PvZ_Fusion_Translator] Added Override: Night
[20:03:03.810] [PvZ_Fusion_Translator] Added Override: Night_drum
[20:03:04.310] [PvZ_Fusion_Translator] Added Override: Pool
[20:03:04.756] [PvZ_Fusion_Translator] Added Override: Pool_drum
[20:03:05.197] [PvZ_Fusion_Translator] Added Override: Roof
[20:03:05.647] [PvZ_Fusion_Translator] Added Override: Roof_drum
[20:03:05.715] [PvZ_Fusion_Translator] Added Override: SelectCard
[20:03:05.938] [PvZ_Fusion_Translator] Added Override: Snow
[20:03:06.170] [PvZ_Fusion_Translator] Added Override: Snow_drum
[20:03:06.819] [PvZ_Fusion_Translator] Added Override: UltimateBattle
[20:03:07.228] [PvZ Fusion Translator] Preferences Saved!
[20:03:07.257] [PVZRHCustomization] Textures loaded successfully.
[20:03:07.325] [CherryHypnoGatlingBlover] Successfully load AssetBundle cherryhypnogatlingblover.
[20:03:07.777] [ElectricPeaReborn] Successfully load AssetBundle electricpea.
[20:03:07.923] [GatlingIronPuff] Successfully load AssetBundle gatlingironpuff.
[20:03:07.957] [HypnoSquash] Successfully load AssetBundle hypnosquash.
[20:03:07.987] [IceDoomCherryJalapeno] Successfully load AssetBundle icedoomcherryjalapeno.
[20:03:08.029] [IceDoomScaredyShroom] Successfully load AssetBundle icedoomscaredyshroom.
[20:03:08.259] [IceMelonCannon] Successfully load AssetBundle icemeloncannon.
[20:03:08.537] [IronPeasExtra] Successfully load AssetBundle ironpeas.
[20:03:08.609] [MilkyBlover] Successfully load AssetBundle milkyblover.
[20:03:08.690] [ObsidianDollZombie] Successfully load AssetBundle obsidiandollzombie.
[20:03:08.765] [ObsidianRandomZombie] Successfully load AssetBundle obsidianrandomzombie.
[20:03:08.959] [SuperDiamondNut] Successfully load AssetBundle superdiamondnut.
[20:03:09.010] [SuperDoomSqualour] Successfully load AssetBundle superdoomsqualour.
[20:03:09.088] [SuperGarlicFume] Successfully load AssetBundle supergarlicfume.
[20:03:09.508] [SuperUmbrellasExtra] Successfully load AssetBundle superumbrellasextra.
[20:03:09.576] [ToolMod] MelonPreferences Saved to C:\Users\Administrator\Pictures\Pvz\GameFiles\UserData\MelonPreferences.cfg
[20:03:09.610] [UltimateCornPlus] Successfully load AssetBundle ultimatecornplus.
[20:03:09.749] [UltimateWinterMelonCannon] Successfully load AssetBundle ultimatewintermeloncannon.
[20:03:28.188] Root Folder: C:\Users\Administrator\Pictures\Pvz\GameFiles
[20:03:29.714] [PVZRH_PlM] PVZRH_PlM 加载成功！
[20:03:29.721] [PVZRH_PlM] [你知道吗]PVZRH_PlM现已支持指令系统！在控制台（看到这条消息的窗口）输入help获得帮助！
[20:03:29.731] [PVZRH_PlM] Server started!
[20:03:29.732] [PVZRH_PlM] Waiting for client connection...
[20:03:34.044] [ToolMod] 以下id信息为动态生成，仅适用于当前游戏实例！！！
[20:03:34.044] [ToolMod] 以下id信息为动态生成，仅适用于当前游戏实例！！！
[20:03:34.045] [ToolMod] 以下id信息为动态生成，仅适用于当前游戏实例！！！
[20:03:34.139] [ToolMod] Dumping Plant String: 0 : 豌豆射手(0)
[20:03:34.151] [ToolMod] Dumping Plant String: 1 : 向日葵(1)
[20:03:34.157] [ToolMod] Dumping Plant String: 2 : 樱桃炸弹(2)
[20:03:34.163] [ToolMod] Dumping Plant String: 3 : 坚果(3)
[20:03:34.170] [ToolMod] Dumping Plant String: 4 : 土豆雷(4)
[20:03:34.177] [ToolMod] Dumping Plant String: 5 : 大嘴花(5)
[20:03:34.182] [ToolMod] Dumping Plant String: 6 : 小喷菇(6)
[20:03:34.188] [ToolMod] Dumping Plant String: 7 : 大喷菇(7)
[20:03:34.197] [ToolMod] Dumping Plant String: 8 : 魅惑菇(8)
[20:03:34.202] [ToolMod] Dumping Plant String: 9 : 胆小菇(9)
[20:03:34.209] [ToolMod] Dumping Plant String: 10 : 寒冰菇(10)
[20:03:34.214] [ToolMod] Dumping Plant String: 11 : 毁灭菇(11)
[20:03:34.220] [ToolMod] Dumping Plant String: 12 : 睡莲(12)
[20:03:34.227] [ToolMod] Dumping Plant String: 13 : 窝瓜(13)
[20:03:34.235] [ToolMod] Dumping Plant String: 14 : 三线射手(14)
[20:03:34.239] [ToolMod] Dumping Plant String: 15 : 缠绕水草(15)
[20:03:34.247] [ToolMod] Dumping Plant String: 16 : 火爆辣椒(16)
[20:03:34.253] [ToolMod] Dumping Plant String: 17 : 地刺(17)
[20:03:34.262] [ToolMod] Dumping Plant String: 18 : 火炬树桩(18)
[20:03:34.266] [ToolMod] Dumping Plant String: 19 : 海蘑菇(19)
[20:03:34.272] [ToolMod] Dumping Plant String: 20 : 路灯花(20)
[20:03:34.280] [ToolMod] Dumping Plant String: 21 : 仙人掌(21)
[20:03:34.285] [ToolMod] Dumping Plant String: 22 : 三叶草(22)
[20:03:34.291] [ToolMod] Dumping Plant String: 23 : 杨桃(23)
[20:03:34.298] [ToolMod] Dumping Plant String: 24 : 南瓜(24)
[20:03:34.303] [ToolMod] Dumping Plant String: 25 : 磁力菇(25)
[20:03:34.312] [ToolMod] Dumping Plant String: 26 : 卷心菜投手(26)
[20:03:34.317] [ToolMod] Dumping Plant String: 27 : 花盆(27)
[20:03:34.323] [ToolMod] Dumping Plant String: 28 : 玉米投手(28)
[20:03:34.329] [ToolMod] Dumping Plant String: 29 : 大蒜(29)
[20:03:34.334] [ToolMod] Dumping Plant String: 30 : 叶子保护伞(30)
[20:03:34.339] [ToolMod] Dumping Plant String: 31 : 金盏花(31)
[20:03:34.348] [ToolMod] Dumping Plant String: 32 : 西瓜投手(32)
[20:03:34.354] [ToolMod] Dumping Plant String: 33 : 钢叶草(33)
[20:03:34.363] [ToolMod] Dumping Plant String: 34 : 闪电洋葱(34)
[20:03:34.367] [ToolMod] Dumping Plant String: 35 : 小松炉(35)
[20:03:34.372] [ToolMod] Dumping Plant String: 36 : 云杉弓手(36)
[20:03:34.380] [ToolMod] Dumping Plant String: 37 : 寒冰莲花(37)
[20:03:34.386] [ToolMod] Dumping Plant String: 38 : 水滴芦荟(38)
[20:03:34.392] [ToolMod] Dumping Plant String: 235 : 百香双响炮(235)
[20:03:34.399] [ToolMod] Dumping Plant String: 236 : 冻梨(236)
[20:03:34.404] [ToolMod] Dumping Plant String: 237 : 冰刃雪莲(237)
[20:03:34.411] [ToolMod] Dumping Plant String: 238 : 清蕊秋菊(238)
[20:03:34.416] [ToolMod] Dumping Plant String: 239 : 墓碑吞噬者(239)
[20:03:34.422] [ToolMod] Dumping Plant String: 240 : 黑曜石大麦(240)
[20:03:34.433] [ToolMod] Dumping Plant String: 241 : 极寒冰豆(241)
[20:03:34.438] [ToolMod] Dumping Plant String: 242 : 火红莲女王(242)
[20:03:34.445] [ToolMod] Dumping Plant String: 243 : 汉堡王(243)
[20:03:34.450] [ToolMod] Dumping Plant String: 244 : 融合洋芋(244)
[20:03:34.456] [ToolMod] Dumping Plant String: 245 : 模仿者(245)
[20:03:34.462] [ToolMod] Dumping Plant String: 248 : 猫瓜(248)
[20:03:34.468] [ToolMod] Dumping Plant String: 249 : 剑仙杨桃(249)
[20:03:34.473] [ToolMod] Dumping Plant String: 250 : 僵尸盲盒(250)
[20:03:34.481] [ToolMod] Dumping Plant String: 251 : 巨型阳光坚果(251)
[20:03:34.488] [ToolMod] Dumping Plant String: 252 : 魔法猫娘(252)
[20:03:34.495] [ToolMod] Dumping Plant String: 253 : 大麦(253)
[20:03:34.502] [ToolMod] Dumping Plant String: 254 : 火红莲(254)
[20:03:34.508] [ToolMod] Dumping Plant String: 255 : 巨型坚果(255)
[20:03:34.514] [ToolMod] Dumping Plant String: 256 : 惊喜礼盒(256)
[20:03:34.519] [ToolMod] Dumping Plant String: 300 : 究极剑仙杨桃(300)
[20:03:34.526] [ToolMod] Dumping Plant String: 900 : 魅帝菇(900)
[20:03:34.531] [ToolMod] Dumping Plant String: 901 : 究极樱桃射手(901)
[20:03:34.538] [ToolMod] Dumping Plant String: 902 : 究极火爆窝炬(902)
[20:03:34.544] [ToolMod] Dumping Plant String: 903 : 究极樱桃战神(903)
[20:03:34.552] [ToolMod] Dumping Plant String: 904 : 究极大喷菇(904)
[20:03:34.558] [ToolMod] Dumping Plant String: 905 : 阳光帝果(905)
[20:03:34.563] [ToolMod] Dumping Plant String: 906 : 玄钢地刺王(906)
[20:03:34.571] [ToolMod] Dumping Plant String: 907 : 毁灭菇机枪射手(907)
[20:03:34.579] [ToolMod] Dumping Plant String: 908 : 寒冰机枪小喷菇(908)
[20:03:34.583] [ToolMod] Dumping Plant String: 909 : 究极杨桃大帝(909)
[20:03:34.592] [ToolMod] Dumping Plant String: 910 : 究极忧郁菇(910)
[20:03:34.599] [ToolMod] Dumping Plant String: 911 : 究极激光南瓜(911)
[20:03:34.603] [ToolMod] Dumping Plant String: 912 : 究极激光无人机(912)
[20:03:34.610] [ToolMod] Dumping Plant String: 913 : 究极黑曜石高坚果(913)
[20:03:34.614] [ToolMod] Dumping Plant String: 914 : 究极投手(914)
[20:03:34.620] [ToolMod] Dumping Plant String: 915 : 究极加农炮(915)
[20:03:34.626] [ToolMod] Dumping Plant String: 916 : 绿宝石伞(916)
[20:03:34.633] [ToolMod] Dumping Plant String: 917 : 魅后菇(917)
[20:03:34.638] [ToolMod] Dumping Plant String: 918 : 灰烬三线射手(918)
[20:03:34.644] [ToolMod] Dumping Plant String: 919 : 浴火三线射手(919)
[20:03:34.649] [ToolMod] Dumping Plant String: 920 : 究极五叶草(920)
[20:03:34.654] [ToolMod] Dumping Plant String: 921 : 究极蒜神(921)
[20:03:34.660] [ToolMod] Dumping Plant String: 922 : 究极磁爆南瓜(922)
[20:03:34.664] [ToolMod] Dumping Plant String: 923 : 红宝石伞(923)
[20:03:34.675] [ToolMod] Dumping Plant String: 924 : 究极魅惑菇(924)
[20:03:34.682] [ToolMod] Dumping Plant String: 925 : 究极黑曜石土豆坚果(925)
[20:03:34.688] [ToolMod] Dumping Plant String: 926 : 魔法猫尾草(926)
[20:03:34.696] [ToolMod] Dumping Plant String: 927 : 究极机枪炮台(927)
[20:03:34.702] [ToolMod] Dumping Plant String: 928 : 幻灭菇(928)
[20:03:34.710] [ToolMod] Dumping Plant String: 929 : 阳光机枪小喷菇(929)
[20:03:34.716] [ToolMod] Dumping Plant String: 930 : 毁灭机枪胆小菇(930)
[20:03:34.724] [ToolMod] Dumping Plant String: 931 : 玄钢地刺坚果(931)
[20:03:34.730] [ToolMod] Dumping Plant String: 932 : 摇钱三线火炬(932)
[20:03:34.735] [ToolMod] Dumping Plant String: 933 : 究极仙人掌(933)
[20:03:34.740] [ToolMod] Dumping Plant String: 934 : 究极太阳神卷心菜(934)
[20:03:34.746] [ToolMod] Dumping Plant String: 935 : 多功能南瓜(935)
[20:03:34.751] [ToolMod] Dumping Plant String: 936 : 太阳能花盆(936)
[20:03:34.757] [ToolMod] Dumping Plant String: 937 : 流光仙萤伞(937)
[20:03:34.763] [ToolMod] Dumping Plant String: 938 : 贪欲菇(938)
[20:03:34.769] [ToolMod] Dumping Plant String: 939 : 究极浮空樱桃射手(939)
[20:03:34.776] [ToolMod] Dumping Plant String: 940 : 究极火神弹弹菇(940)
[20:03:34.781] [ToolMod] Dumping Plant String: 941 : 究极贪欲水草(941)
[20:03:34.786] [ToolMod] Dumping Plant String: 942 : 铁豆小队(942)
[20:03:34.793] [ToolMod] Dumping Plant String: 943 : 究极超时空玉米(943)
[20:03:34.798] [ToolMod] Dumping Plant String: 1000 : 豌豆向日葵(1000)
[20:03:34.803] [ToolMod] Dumping Plant String: 1001 : 樱桃射手(1001)
[20:03:34.809] [ToolMod] Dumping Plant String: 1002 : 阳光炸弹(1002)
[20:03:34.813] [ToolMod] Dumping Plant String: 1003 : 樱桃坚果(1003)
[20:03:34.819] [ToolMod] Dumping Plant String: 1004 : 豌豆坚果(1004)
[20:03:34.825] [ToolMod] Dumping Plant String: 1005 : 超级樱桃射手(1005)
[20:03:34.831] [ToolMod] Dumping Plant String: 1006 : 阳光坚果(1006)
[20:03:34.837] [ToolMod] Dumping Plant String: 1007 : 豌豆土豆雷(1007)
[20:03:34.842] [ToolMod] Dumping Plant String: 1008 : 樱桃双发射手(1008)
[20:03:34.848] [ToolMod] Dumping Plant String: 1009 : 阳光土豆雷(1009)
[20:03:34.853] [ToolMod] Dumping Plant String: 1010 : 土豆坚果(1010)
[20:03:34.861] [ToolMod] Dumping Plant String: 1011 : 豌豆大嘴花(1011)
[20:03:34.867] [ToolMod] Dumping Plant String: 1012 : 坚果大嘴花(1012)
[20:03:34.872] [ToolMod] Dumping Plant String: 1013 : 超级大嘴花(1013)
[20:03:34.879] [ToolMod] Dumping Plant String: 1014 : 阳光大嘴花(1014)
[20:03:34.884] [ToolMod] Dumping Plant String: 1015 : 土豆大嘴花(1015)
[20:03:34.891] [ToolMod] Dumping Plant String: 1016 : 樱桃大嘴花(1016)
[20:03:34.895] [ToolMod] Dumping Plant String: 1017 : 樱桃机枪射手(1017)
[20:03:34.901] [ToolMod] Dumping Plant String: 1018 : 豌豆小喷菇(1018)
[20:03:34.906] [ToolMod] Dumping Plant String: 1019 : 双发小喷菇(1019)
[20:03:34.912] [ToolMod] Dumping Plant String: 1020 : 铁桶豌豆射手(1020)
[20:03:34.917] [ToolMod] Dumping Plant String: 1021 : 坚果小蘑菇(1021)
[20:03:34.926] [ToolMod] Dumping Plant String: 1022 : 魅惑小蘑菇(1022)
[20:03:34.933] [ToolMod] Dumping Plant String: 1023 : 魅惑大喷菇(1023)
[20:03:34.943] [ToolMod] Dumping Plant String: 1024 : 魅惑胆小菇(1024)
[20:03:34.949] [ToolMod] Dumping Plant String: 1025 : 胆大菇(1025)
[20:03:34.954] [ToolMod] Dumping Plant String: 1026 : 超级魅惑菇(1026)
[20:03:34.960] [ToolMod] Dumping Plant String: 1027 : 高坚果(1027)
[20:03:34.966] [ToolMod] Dumping Plant String: 1028 : 橄榄高坚果(1028)
[20:03:34.970] [ToolMod] Dumping Plant String: 1029 : 铁桶坚果(1029)
[20:03:34.976] [ToolMod] Dumping Plant String: 1030 : 双发射手(1030)
[20:03:34.980] [ToolMod] Dumping Plant String: 1031 : 阳光菇(1031)
[20:03:34.986] [ToolMod] Dumping Plant String: 1032 : 机枪射手(1032)
[20:03:34.991] [ToolMod] Dumping Plant String: 1033 : 双子向日葵(1033)
[20:03:34.998] [ToolMod] Dumping Plant String: 1034 : 寒冰射手(1034)
[20:03:35.004] [ToolMod] Dumping Plant String: 1035 : 寒冰小喷菇(1035)
[20:03:35.010] [ToolMod] Dumping Plant String: 1036 : 寒冰小蘑菇(1036)
[20:03:35.016] [ToolMod] Dumping Plant String: 1037 : 寒冰大喷菇(1037)
[20:03:35.021] [ToolMod] Dumping Plant String: 1038 : 寒冰胆小菇(1038)
[20:03:35.028] [ToolMod] Dumping Plant String: 1039 : 寒冰高坚果(1039)
[20:03:35.034] [ToolMod] Dumping Plant String: 1040 : 寒冰毁灭菇(1040)
[20:03:35.041] [ToolMod] Dumping Plant String: 1041 : 寒冰魅惑菇(1041)
[20:03:35.049] [ToolMod] Dumping Plant String: 1042 : 毁灭胆小菇(1042)
[20:03:35.054] [ToolMod] Dumping Plant String: 1043 : 毁灭大喷菇(1043)
[20:03:35.060] [ToolMod] Dumping Plant String: 1044 : 毁灭小蘑菇(1044)
[20:03:35.067] [ToolMod] Dumping Plant String: 1045 : 毁灭魅惑菇(1045)
[20:03:35.078] [ToolMod] Dumping Plant String: 1046 : 超级大喷菇(1046)
[20:03:35.083] [ToolMod] Dumping Plant String: 1047 : 三线窝瓜射手(1047)
[20:03:35.090] [ToolMod] Dumping Plant String: 1048 : 地刺坚果(1048)
[20:03:35.098] [ToolMod] Dumping Plant String: 1049 : 火爆缠绕水草(1049)
[20:03:35.104] [ToolMod] Dumping Plant String: 1050 : 窝瓜水草(1050)
[20:03:35.111] [ToolMod] Dumping Plant String: 1051 : 三线水草射手(1051)
[20:03:35.116] [ToolMod] Dumping Plant String: 1052 : 超级火炬树桩(1052)
[20:03:35.123] [ToolMod] Dumping Plant String: 1053 : 火爆树桩(1053)
[20:03:35.132] [ToolMod] Dumping Plant String: 1054 : 火爆窝瓜(1054)
[20:03:35.137] [ToolMod] Dumping Plant String: 1055 : 三线火炬树桩(1055)
[20:03:35.145] [ToolMod] Dumping Plant String: 1056 : 火炬水草(1056)
[20:03:35.151] [ToolMod] Dumping Plant String: 1057 : 焰光窝瓜(1057)
[20:03:35.157] [ToolMod] Dumping Plant String: 1058 : 焦黑三线射手(1058)
[20:03:35.166] [ToolMod] Dumping Plant String: 1059 : 窝瓜火炬树桩(1059)
[20:03:35.172] [ToolMod] Dumping Plant String: 1060 : 地刺王(1060)
[20:03:35.180] [ToolMod] Dumping Plant String: 1061 : 火炬地刺(1061)
[20:03:35.186] [ToolMod] Dumping Plant String: 1062 : 火爆地刺(1062)
[20:03:35.191] [ToolMod] Dumping Plant String: 1063 : 窝瓜地刺(1063)
[20:03:35.198] [ToolMod] Dumping Plant String: 1064 : 三线地刺射手(1064)
[20:03:35.204] [ToolMod] Dumping Plant String: 1065 : 机枪小喷菇(1065)
[20:03:35.214] [ToolMod] Dumping Plant String: 1066 : 超级水草(1066)
[20:03:35.220] [ToolMod] Dumping Plant String: 1067 : 猫尾草(1067)
[20:03:35.225] [ToolMod] Dumping Plant String: 1068 : 寒冰猫尾草(1068)
[20:03:35.231] [ToolMod] Dumping Plant String: 1069 : 火焰猫尾草(1069)
[20:03:35.236] [ToolMod] Dumping Plant String: 1070 : 忧郁菇(1070)
[20:03:35.243] [ToolMod] Dumping Plant String: 1071 : 火焰忧郁菇(1071)
[20:03:35.249] [ToolMod] Dumping Plant String: 1072 : 寒冰忧郁菇(1072)
[20:03:35.253] [ToolMod] Dumping Plant String: 1073 : 火焰高坚果(1073)
[20:03:35.258] [ToolMod] Dumping Plant String: 1074 : 寒冰地刺王(1074)
[20:03:35.264] [ToolMod] Dumping Plant String: 1075 : 火焰地刺王(1075)
[20:03:35.271] [ToolMod] Dumping Plant String: 1076 : 仙人掌海蘑菇(1076)
[20:03:35.277] [ToolMod] Dumping Plant String: 1077 : 阳光海蘑菇(1077)
[20:03:35.282] [ToolMod] Dumping Plant String: 1078 : 海灯菇(1078)
[20:03:35.287] [ToolMod] Dumping Plant String: 1079 : 流光仙人掌(1079)
[20:03:35.293] [ToolMod] Dumping Plant String: 1080 : 流光三叶草(1080)
[20:03:35.298] [ToolMod] Dumping Plant String: 1081 : 流光杨桃(1081)
[20:03:35.304] [ToolMod] Dumping Plant String: 1082 : 三叶球(1082)
[20:03:35.311] [ToolMod] Dumping Plant String: 1083 : 杨桃海蘑菇(1083)
[20:03:35.315] [ToolMod] Dumping Plant String: 1084 : 杨桃五叶草(1084)
[20:03:35.320] [ToolMod] Dumping Plant String: 1085 : 仙人掌杨桃(1085)
[20:03:35.327] [ToolMod] Dumping Plant String: 1086 : 海叶草(1086)
[20:03:35.333] [ToolMod] Dumping Plant String: 1087 : 流明南瓜(1087)
[20:03:35.341] [ToolMod] Dumping Plant String: 1088 : 仙人掌南瓜(1088)
[20:03:35.346] [ToolMod] Dumping Plant String: 1089 : 杨桃南瓜(1089)
[20:03:35.351] [ToolMod] Dumping Plant String: 1090 : 裂荚射手(1090)
[20:03:35.357] [ToolMod] Dumping Plant String: 1091 : 三叶南瓜(1091)
[20:03:35.362] [ToolMod] Dumping Plant String: 1092 : 磁力南瓜(1092)
[20:03:35.367] [ToolMod] Dumping Plant String: 1093 : 磁力杨桃(1093)
[20:03:35.373] [ToolMod] Dumping Plant String: 1094 : 玩偶杨桃(1094)
[20:03:35.379] [ToolMod] Dumping Plant String: 1095 : 矿工杨桃(1095)
[20:03:35.383] [ToolMod] Dumping Plant String: 1096 : 铁桶杨桃(1096)
[20:03:35.389] [ToolMod] Dumping Plant String: 1097 : 铁桶南瓜(1097)
[20:03:35.394] [ToolMod] Dumping Plant String: 1098 : 玩偶南瓜(1098)
[20:03:35.399] [ToolMod] Dumping Plant String: 1099 : 矿工南瓜(1099)
[20:03:35.405] [ToolMod] Dumping Plant String: 1100 : 光明磁光菇(1100)
[20:03:35.411] [ToolMod] Dumping Plant String: 1101 : 海磁力菇(1101)
[20:03:35.415] [ToolMod] Dumping Plant String: 1102 : 磁力三叶草(1102)
[20:03:35.421] [ToolMod] Dumping Plant String: 1103 : 磁力仙人掌(1103)
[20:03:35.427] [ToolMod] Dumping Plant String: 1104 : 超级杨桃(1104)
[20:03:35.432] [ToolMod] Dumping Plant String: 1105 : 寒冰双发射手(1105)
[20:03:35.438] [ToolMod] Dumping Plant String: 1106 : 寒冰机枪射手(1106)
[20:03:35.446] [ToolMod] Dumping Plant String: 1107 : 寒冰裂荚射手(1107)
[20:03:35.452] [ToolMod] Dumping Plant String: 1108 : 樱桃裂荚射手(1108)
[20:03:35.457] [ToolMod] Dumping Plant String: 1109 : 狙击射手(1109)
[20:03:35.463] [ToolMod] Dumping Plant String: 1110 : 超级南瓜(1110)
[20:03:35.467] [ToolMod] Dumping Plant String: 1111 : 阳光卷心菜(1111)
[20:03:35.475] [ToolMod] Dumping Plant String: 1112 : 卷心菜花盆(1112)
[20:03:35.481] [ToolMod] Dumping Plant String: 1113 : 玉米卷投手(1113)
[20:03:35.487] [ToolMod] Dumping Plant String: 1114 : 玉米花盆(1114)
[20:03:35.492] [ToolMod] Dumping Plant String: 1115 : 黄油保护伞(1115)
[20:03:35.497] [ToolMod] Dumping Plant String: 1116 : 冰瓜(1116)
[20:03:35.503] [ToolMod] Dumping Plant String: 1117 : 蒜玉米投手(1117)
[20:03:35.512] [ToolMod] Dumping Plant String: 1118 : 蒜卷心菜投手(1118)
[20:03:35.519] [ToolMod] Dumping Plant String: 1119 : 蒜西瓜投手(1119)
[20:03:35.527] [ToolMod] Dumping Plant String: 1120 : 玉米加农炮(1120)
[20:03:35.535] [ToolMod] Dumping Plant String: 1121 : 玉米瓜投手(1121)
[20:03:35.542] [ToolMod] Dumping Plant String: 1122 : 火焰加农炮(1122)
[20:03:35.547] [ToolMod] Dumping Plant String: 1123 : 寒冰加农炮(1123)
[20:03:35.553] [ToolMod] Dumping Plant String: 1124 : 卷心瓜投手(1124)
[20:03:35.559] [ToolMod] Dumping Plant String: 1125 : 西瓜花盆(1125)
[20:03:35.566] [ToolMod] Dumping Plant String: 1126 : 超级投手(1126)
[20:03:35.571] [ToolMod] Dumping Plant String: 1127 : 大蒜保护伞(1127)
[20:03:35.577] [ToolMod] Dumping Plant String: 1128 : 卷心菜保护伞(1128)
[20:03:35.582] [ToolMod] Dumping Plant String: 1129 : 机械坚果(1129)
[20:03:35.588] [ToolMod] Dumping Plant String: 1130 : 大蒜花盆(1130)
[20:03:35.593] [ToolMod] Dumping Plant String: 1131 : 西瓜保护伞(1131)
[20:03:35.599] [ToolMod] Dumping Plant String: 1132 : 西瓜加农炮(1132)
[20:03:35.604] [ToolMod] Dumping Plant String: 1133 : 保护伞花盆(1133)
[20:03:35.610] [ToolMod] Dumping Plant String: 1134 : 银卷心菜投手(1134)
[20:03:35.614] [ToolMod] Dumping Plant String: 1135 : 金卷心菜投手(1135)
[20:03:35.620] [ToolMod] Dumping Plant String: 1136 : 银花盆(1136)
[20:03:35.625] [ToolMod] Dumping Plant String: 1137 : 金花盆(1137)
[20:03:35.632] [ToolMod] Dumping Plant String: 1138 : 银玉米投手(1138)
[20:03:35.637] [ToolMod] Dumping Plant String: 1139 : 金玉米投手(1139)
[20:03:35.643] [ToolMod] Dumping Plant String: 1140 : 双子金盏花(1140)
[20:03:35.648] [ToolMod] Dumping Plant String: 1141 : 银西瓜投手(1141)
[20:03:35.653] [ToolMod] Dumping Plant String: 1142 : 金西瓜投手(1142)
[20:03:35.661] [ToolMod] Dumping Plant String: 1143 : 银保护伞(1143)
[20:03:35.665] [ToolMod] Dumping Plant String: 1144 : 金保护伞(1144)
[20:03:35.670] [ToolMod] Dumping Plant String: 1145 : 银蒜(1145)
[20:03:35.676] [ToolMod] Dumping Plant String: 1146 : 金蒜(1146)
[20:03:35.682] [ToolMod] Dumping Plant String: 1147 : 魅惑坚果(1147)
[20:03:35.687] [ToolMod] Dumping Plant String: 1148 : 超级保护伞(1148)
[20:03:35.695] [ToolMod] Dumping Plant String: 1149 : 火瓜(1149)
[20:03:35.700] [ToolMod] Dumping Plant String: 1150 : 吸金磁(1150)
[20:03:35.706] [ToolMod] Dumping Plant String: 1151 : 超级机械坚果(1151)
[20:03:35.713] [ToolMod] Dumping Plant String: 1152 : 铁豆小喷菇(1152)
[20:03:35.717] [ToolMod] Dumping Plant String: 1153 : 裂荚小喷菇(1153)
[20:03:35.722] [ToolMod] Dumping Plant String: 1154 : 阳光磁力菇(1154)
[20:03:35.731] [ToolMod] Dumping Plant String: 1155 : 焰光地刺(1155)
[20:03:35.736] [ToolMod] Dumping Plant String: 1156 : 焰光缠绕水草(1156)
[20:03:35.742] [ToolMod] Dumping Plant String: 1157 : 魅惑磁力菇(1157)
[20:03:35.748] [ToolMod] Dumping Plant String: 1158 : 磁力大喷菇(1158)
[20:03:35.755] [ToolMod] Dumping Plant String: 1159 : 铁桶大喷菇(1159)
[20:03:35.762] [ToolMod] Dumping Plant String: 1160 : 橄榄大喷菇(1160)
[20:03:35.769] [ToolMod] Dumping Plant String: 1161 : 机枪豌豆炮台(1161)
[20:03:35.775] [ToolMod] Dumping Plant String: 1162 : 樱桃土豆雷(1162)
[20:03:35.781] [ToolMod] Dumping Plant String: 1163 : 辣椒土豆雷(1163)
[20:03:35.786] [ToolMod] Dumping Plant String: 1164 : 樱桃南瓜(1164)
[20:03:35.792] [ToolMod] Dumping Plant String: 1165 : 超级寒冰机枪射手(1165)
[20:03:35.797] [ToolMod] Dumping Plant String: 1166 : 樱桃磁力菇(1166)
[20:03:35.806] [ToolMod] Dumping Plant String: 1167 : 火焰狙击射手(1167)
[20:03:35.813] [ToolMod] Dumping Plant String: 1168 : 超级机枪射手(1168)
[20:03:35.818] [ToolMod] Dumping Plant String: 1169 : 武装南瓜(1169)
[20:03:35.824] [ToolMod] Dumping Plant String: 1170 : 土豆小喷菇(1170)
[20:03:35.829] [ToolMod] Dumping Plant String: 1171 : 土豆胆小菇(1171)
[20:03:35.837] [ToolMod] Dumping Plant String: 1172 : 大蒜喷菇(1172)
[20:03:35.846] [ToolMod] Dumping Plant String: 1173 : 黑曜石辣椒(1173)
[20:03:35.850] [ToolMod] Dumping Plant String: 1174 : 巨型大嘴花(1174)
[20:03:35.856] [ToolMod] Dumping Plant String: 1175 : 海妖菇(1175)
[20:03:35.861] [ToolMod] Dumping Plant String: 1176 : 魅惑三叶草(1176)
[20:03:35.866] [ToolMod] Dumping Plant String: 1177 : 双子钢叶草(1177)
[20:03:35.871] [ToolMod] Dumping Plant String: 1178 : 樱桃树桩(1178)
[20:03:35.878] [ToolMod] Dumping Plant String: 1179 : 烈焰爆竹(1179)
[20:03:35.883] [ToolMod] Dumping Plant String: 1180 : 寒冰地刺(1180)
[20:03:35.888] [ToolMod] Dumping Plant String: 1181 : 蒜三叶草(1181)
[20:03:35.895] [ToolMod] Dumping Plant String: 1182 : 极寒树桩(1182)
[20:03:35.900] [ToolMod] Dumping Plant String: 1183 : 星星小蘑菇(1183)
[20:03:35.904] [ToolMod] Dumping Plant String: 1184 : 阳光花盆(1184)
[20:03:35.914] [ToolMod] Dumping Plant String: 1185 : 光叶保护伞(1185)
[20:03:35.920] [ToolMod] Dumping Plant String: 1186 : 仙人掌保护伞(1186)
[20:03:35.929] [ToolMod] Dumping Plant String: 1187 : 银向日葵(1187)
[20:03:35.935] [ToolMod] Dumping Plant String: 1188 : 金向日葵(1188)
[20:03:35.941] [ToolMod] Dumping Plant String: 1189 : 寒冰坚果(1189)
[20:03:35.946] [ToolMod] Dumping Plant String: 1190 : 土豆南瓜(1190)
[20:03:35.951] [ToolMod] Dumping Plant String: 1191 : 毁灭仙人掌(1191)
[20:03:35.956] [ToolMod] Dumping Plant String: 1192 : 毁灭大嘴花(1192)
[20:03:35.962] [ToolMod] Dumping Plant String: 1193 : 火焰大喷菇(1193)
[20:03:35.968] [ToolMod] Dumping Plant String: 1194 : 毁灭豌豆射手(1194)
[20:03:35.974] [ToolMod] Dumping Plant String: 1195 : 流光花盆(1195)
[20:03:35.979] [ToolMod] Dumping Plant String: 1196 : 西瓜弹弹菇(1196)
[20:03:35.985] [ToolMod] Dumping Plant String: 1197 : 杨桃树桩(1197)
[20:03:35.989] [ToolMod] Dumping Plant String: 1198 : 火爆杨桃(1198)
[20:03:35.997] [ToolMod] Dumping Plant String: 1199 : 余烬树桩(1199)
[20:03:36.002] [ToolMod] Dumping Plant String: 1200 : 胆小南瓜(1200)
[20:03:36.008] [ToolMod] Dumping Plant String: 1201 : 杨桃胆小菇(1201)
[20:03:36.013] [ToolMod] Dumping Plant String: 1202 : 窝瓜南瓜(1202)
[20:03:36.018] [ToolMod] Dumping Plant String: 1203 : 小玉米投手(1203)
[20:03:36.023] [ToolMod] Dumping Plant String: 1204 : 小浮空伞(1204)
[20:03:36.030] [ToolMod] Dumping Plant String: 1205 : 魅惑南瓜(1205)
[20:03:36.035] [ToolMod] Dumping Plant String: 1206 : 坚果保护伞(1206)
[20:03:36.041] [ToolMod] Dumping Plant String: 1207 : 樱桃保护伞(1207)
[20:03:36.046] [ToolMod] Dumping Plant String: 1208 : 超时空豌豆射手(1208)
[20:03:36.052] [ToolMod] Dumping Plant String: 1209 : 磁力玉米投手(1209)
[20:03:36.058] [ToolMod] Dumping Plant String: 1210 : 超时空玉米投手(1210)
[20:03:36.064] [ToolMod] Dumping Plant String: 1211 : 铁桶玉米投手(1211)
[20:03:36.071] [ToolMod] Dumping Plant String: 1212 : 寒冰樱桃炸弹(1212)
[20:03:36.075] [ToolMod] Dumping Plant String: 1213 : 磁力毁灭菇(1213)
[20:03:36.082] [ToolMod] Dumping Plant String: 1214 : 超时空毁灭菇(1214)
[20:03:36.086] [ToolMod] Dumping Plant String: 1215 : 超时空坚果(1215)
[20:03:36.093] [ToolMod] Dumping Plant String: 1216 : 浮空豌豆射手(1216)
[20:03:36.098] [ToolMod] Dumping Plant String: 1217 : 钢木弓手(1217)
[20:03:36.103] [ToolMod] Dumping Plant String: 1218 : 水叶草(1218)
[20:03:36.108] [ToolMod] Dumping Plant String: 1219 : 水滴射手(1219)
[20:03:36.114] [ToolMod] Dumping Plant String: 1220 : 超级云杉(1220)
[20:03:36.119] [ToolMod] Dumping Plant String: 1221 : 莲花云杉(1221)
[20:03:36.126] [ToolMod] Dumping Plant String: 1222 : 钢叶莲花(1222)
[20:03:36.130] [ToolMod] Dumping Plant String: 1223 : 云杉松炉(1223)
[20:03:36.136] [ToolMod] Dumping Plant String: 1224 : 钢叶松炉(1224)
[20:03:36.140] [ToolMod] Dumping Plant String: 1225 : 莲花松炉(1225)
[20:03:36.147] [ToolMod] Dumping Plant String: 1226 : 芦荟松炉(1226)
[20:03:36.153] [ToolMod] Dumping Plant String: 1227 : 芦荟医师(1227)
[20:03:36.156] [ToolMod] Dumping Plant String: 2027 : 飞天樱魅射手(2027)
[20:03:36.156] [ToolMod] Dumping Plant String: 960 : 电能豌豆（重生）
[20:03:36.157] [ToolMod] Dumping Plant String: 2047 : 铁桶机枪小喷菇(2047)
[20:03:36.157] [ToolMod] Dumping Plant String: 302 : 魅惑窝瓜
[20:03:36.161] [ToolMod] Dumping Plant String: 177 : 冰毁爆竹
[20:03:36.162] [ToolMod] Dumping Plant String: 304 : 冰毁胆小菇
[20:03:36.163] [ToolMod] Dumping Plant String: 303 : 冰瓜加农炮
[20:03:36.163] [ToolMod] Dumping Plant String: 301 : 铁桶机枪豌豆炮台
[20:03:36.164] [ToolMod] Dumping Plant String: 163 : 超级铁豌豆机枪
[20:03:36.164] [ToolMod] Dumping Plant String: 169 : 银河三叶草
[20:03:36.164] [ToolMod] Dumping Plant String: 161 : 钻石帝果
[20:03:36.165] [ToolMod] Dumping Plant String: 162 : 钻石保龄球
[20:03:36.165] [ToolMod] Dumping Plant String: 164 : 幻灭猫瓜
[20:03:36.166] [ToolMod] Dumping Plant String: 165 : 究极蒜大喷菇
[20:03:36.166] [ToolMod] Dumping Plant String: 175 : 黄宝石伞
[20:03:36.167] [ToolMod] Dumping Plant String: 176 : 魅宝石伞
[20:03:36.167] [ToolMod] Dumping Plant String: 170 : 紫宝石伞
[20:03:36.168] [ToolMod] Dumping Plant String: 171 : 黑宝石伞
[20:03:36.168] [ToolMod] Dumping Plant String: 172 : 白宝石伞
[20:03:36.169] [ToolMod] Dumping Plant String: 173 : 蓝宝石伞
[20:03:36.169] [ToolMod] Dumping Plant String: 174 : 橙宝石伞
[20:03:36.170] [ToolMod] Dumping Plant String: 1502 : 究极玉米投手(1502)
[20:03:36.170] [ToolMod] Dumping Plant String: 168 : 冰毁瓜加农炮
[20:03:36.192] [ToolMod] Dumping Zombie String: 0 : 僵尸(0)
[20:03:36.194] [ToolMod] Dumping Zombie String: 2 : 路障僵尸(2)
[20:03:36.196] [ToolMod] Dumping Zombie String: 3 : 撑杆跳僵尸(3)
[20:03:36.200] [ToolMod] Dumping Zombie String: 4 : 铁桶僵尸(4)
[20:03:36.201] [ToolMod] Dumping Zombie String: 5 : 读报僵尸(5)
[20:03:36.203] [ToolMod] Dumping Zombie String: 6 : 舞王撑杆僵尸(6)
[20:03:36.205] [ToolMod] Dumping Zombie String: 7 : 伴舞撑杆僵尸(7)
[20:03:36.206] [ToolMod] Dumping Zombie String: 8 : 铁门僵尸(8)
[20:03:36.211] [ToolMod] Dumping Zombie String: 9 : 橄榄球僵尸(9)
[20:03:36.213] [ToolMod] Dumping Zombie String: 10 : 舞王僵尸(10)
[20:03:36.214] [ToolMod] Dumping Zombie String: 11 : 鸭子僵尸(11)
[20:03:36.216] [ToolMod] Dumping Zombie String: 12 : 路障鸭子僵尸(12)
[20:03:36.218] [ToolMod] Dumping Zombie String: 13 : 铁桶鸭子僵尸(13)
[20:03:36.220] [ToolMod] Dumping Zombie String: 14 : 机械海豚僵尸(14)
[20:03:36.223] [ToolMod] Dumping Zombie String: 15 : 学者僵尸(15)
[20:03:36.225] [ToolMod] Dumping Zombie String: 16 : 雪橇车僵尸(16)
[20:03:36.227] [ToolMod] Dumping Zombie String: 17 : 潜水僵尸(17)
[20:03:36.229] [ToolMod] Dumping Zombie String: 18 : 雪橇冰车僵尸(18)
[20:03:36.231] [ToolMod] Dumping Zombie String: 19 : 海豚僵尸(19)
[20:03:36.234] [ToolMod] Dumping Zombie String: 20 : 三叉戟僵尸(20)
[20:03:36.236] [ToolMod] Dumping Zombie String: 21 : 钻石套娃僵尸(21)
[20:03:36.238] [ToolMod] Dumping Zombie String: 22 : 黄金套娃僵尸(22)
[20:03:36.243] [ToolMod] Dumping Zombie String: 23 : 白银套娃僵尸(23)
[20:03:36.245] [ToolMod] Dumping Zombie String: 24 : 玩偶匣僵尸(24)
[20:03:36.247] [ToolMod] Dumping Zombie String: 25 : 气球僵尸(25)
[20:03:36.248] [ToolMod] Dumping Zombie String: 26 : 飞艇僵尸(26)
[20:03:36.250] [ToolMod] Dumping Zombie String: 27 : 雪人骑士僵尸(27)
[20:03:36.252] [ToolMod] Dumping Zombie String: 28 : 矿工僵尸(28)
[20:03:36.254] [ToolMod] Dumping Zombie String: 29 : 铁桶气球僵尸(29)
[20:03:36.257] [ToolMod] Dumping Zombie String: 30 : 小丑王僵尸(30)
[20:03:36.260] [ToolMod] Dumping Zombie String: 31 : 投篮车僵尸(31)
[20:03:36.262] [ToolMod] Dumping Zombie String: 32 : 跳跳僵尸(32)
[20:03:36.264] [ToolMod] Dumping Zombie String: 33 : 扶梯僵尸(33)
[20:03:36.265] [ToolMod] Dumping Zombie String: 34 : 瓜跳僵尸(34)
[20:03:36.268] [ToolMod] Dumping Zombie String: 35 : 伽刚特尔(35)
[20:03:36.271] [ToolMod] Dumping Zombie String: 36 : 红眼伽刚特尔(36)
[20:03:36.272] [ToolMod] Dumping Zombie String: 37 : 小鬼僵尸(37)
[20:03:36.274] [ToolMod] Dumping Zombie String: 38 : 机械伽刚特尔(38)
[20:03:36.276] [ToolMod] Dumping Zombie String: 39 : 红眼机械伽刚特尔(39)
[20:03:36.281] [ToolMod] Dumping Zombie String: 40 : 机械保龄球僵尸(40)
[20:03:36.285] [ToolMod] Dumping Zombie String: 43 : 武装巨人僵尸(43)
[20:03:36.288] [ToolMod] Dumping Zombie String: 44 : 僵王博士(44)
[20:03:36.290] [ToolMod] Dumping Zombie String: 45 : 蹦极僵尸(45)
[20:03:36.294] [ToolMod] Dumping Zombie String: 46 : 奖杯僵王博士(46)
[20:03:36.295] [ToolMod] Dumping Zombie String: 47 : 雪人僵尸(47)
[20:03:36.297] [ToolMod] Dumping Zombie String: 48 : 年兽僵尸(48)
[20:03:36.299] [ToolMod] Dumping Zombie String: 49 : 雪枪僵尸(49)
[20:03:36.301] [ToolMod] Dumping Zombie String: 50 : 雪盾僵尸(50)
[20:03:36.304] [ToolMod] Dumping Zombie String: 51 : 雪叉僵尸(51)
[20:03:36.306] [ToolMod] Dumping Zombie String: 52 : 传送门豌豆射手僵尸(52)
[20:03:36.308] [ToolMod] Dumping Zombie String: 53 : 雪人飞碟僵尸(53)
[20:03:36.313] [ToolMod] Dumping Zombie String: 55 : 冰块僵尸(55)
[20:03:36.315] [ToolMod] Dumping Zombie String: 56 : 雪兽僵尸(56)
[20:03:36.316] [ToolMod] Dumping Zombie String: 100 : 豌豆射手僵尸(100)
[20:03:36.318] [ToolMod] Dumping Zombie String: 101 : 樱桃射手僵尸(101)
[20:03:36.321] [ToolMod] Dumping Zombie String: 102 : 超级樱桃射手僵尸(102)
[20:03:36.324] [ToolMod] Dumping Zombie String: 103 : 坚果僵尸(103)
[20:03:36.326] [ToolMod] Dumping Zombie String: 104 : 樱桃读报僵尸(104)
[20:03:36.327] [ToolMod] Dumping Zombie String: 105 : 盲盒僵尸(105)
[20:03:36.329] [ToolMod] Dumping Zombie String: 106 : 铁桶坚果僵尸(106)
[20:03:36.332] [ToolMod] Dumping Zombie String: 107 : 樱桃坚果僵尸(107)
[20:03:36.336] [ToolMod] Dumping Zombie String: 108 : 铁桶豌豆射手僵尸(108)
[20:03:36.338] [ToolMod] Dumping Zombie String: 109 : 橄榄球高坚果僵尸(109)
[20:03:36.339] [ToolMod] Dumping Zombie String: 110 : 黄金盲盒僵尸(110)
[20:03:36.344] [ToolMod] Dumping Zombie String: 111 : 寒冰高坚果僵尸(111)
[20:03:36.346] [ToolMod] Dumping Zombie String: 112 : 爆破投篮车僵尸(112)
[20:03:36.348] [ToolMod] Dumping Zombie String: 113 : 豌豆雪人骑士(113)
[20:03:36.349] [ToolMod] Dumping Zombie String: 114 : 铁桶门铁豆僵尸(114)
[20:03:36.351] [ToolMod] Dumping Zombie String: 115 : 窝瓜僵尸(115)
[20:03:36.353] [ToolMod] Dumping Zombie String: 116 : 火爆窝瓜僵尸(116)
[20:03:36.354] [ToolMod] Dumping Zombie String: 117 : 辣椒僵尸(117)
[20:03:36.359] [ToolMod] Dumping Zombie String: 118 : 机枪橄榄球僵尸(118)
[20:03:36.361] [ToolMod] Dumping Zombie String: 119 : 铁豌豆气球僵尸(119)
[20:03:36.363] [ToolMod] Dumping Zombie String: 200 : 超级机械海豚僵尸(200)
[20:03:36.364] [ToolMod] Dumping Zombie String: 201 : 舞王冰车僵尸(201)
[20:03:36.368] [ToolMod] Dumping Zombie String: 202 : 超级三叉戟僵尸(202)
[20:03:36.371] [ToolMod] Dumping Zombie String: 203 : 樱桃机枪读报僵尸(203)
[20:03:36.372] [ToolMod] Dumping Zombie String: 204 : 黑橄榄高坚果僵尸(204)
[20:03:36.375] [ToolMod] Dumping Zombie String: 205 : 基洛夫飞艇僵尸(205)
[20:03:36.377] [ToolMod] Dumping Zombie String: 206 : 迷你基洛夫(206)
[20:03:36.380] [ToolMod] Dumping Zombie String: 207 : 舞王指挥官(207)
[20:03:36.383] [ToolMod] Dumping Zombie String: 208 : 千年尸王(208)
[20:03:36.386] [ToolMod] Dumping Zombie String: 209 : 小丑跳跳王(209)
[20:03:36.388] [ToolMod] Dumping Zombie String: 210 : 超级机械保龄球(210)
[20:03:36.393] [ToolMod] Dumping Zombie String: 212 : 究极黑曜石巨人(212)
[20:03:36.396] [ToolMod] Dumping Zombie String: 213 : 黑曜石小鬼僵尸(213)
[20:03:36.398] [ToolMod] Dumping Zombie String: 214 : 樱桃机枪雪人骑士(214)
[20:03:36.402] [ToolMod] Dumping Zombie String: 215 : 钻石盲盒僵尸(215)
[20:03:36.404] [ToolMod] Dumping Zombie String: 216 : 三叉戟冲车僵尸(216)
[20:03:36.406] [ToolMod] Dumping Zombie String: 217 : 白色撑杆舞王(217)
[20:03:36.409] [ToolMod] Dumping Zombie String: 218 : 究极渊海三叉戟(218)
[20:03:36.412] [ToolMod] Dumping Zombie String: 219 : 究极机械保龄球(219)
[20:03:36.414] [ToolMod] Dumping Zombie String: 220 : 究极黑橄榄将军(220)
[20:03:36.417] [ToolMod] Dumping Zombie String: 221 : 究极鱼型裂空机甲(221)
[20:03:36.419] [ToolMod] Dumping Zombie String: 222 : 究极舞台巡演车(222)
[20:03:36.422] [ToolMod] Dumping Zombie String: 223 : 究极Z教授(223)
[20:03:36.425] [ToolMod] Dumping Zombie String: 224 : 究极玩偶匣皇后(224)
[20:03:36.428] [ToolMod] Dumping Zombie String: 225 : 机枪黑橄榄僵尸(225)
[20:03:36.429] [ToolMod] Dumping Zombie String: 226 : 阿尔法僵尸小队(226)
[20:03:36.432] [ToolMod] Dumping Zombie String: 227 : 寒冰高坚果雪爪僵尸(227)
[20:03:36.433] [ToolMod] Dumping Zombie String: 99 : 黑曜石套娃僵尸
[20:03:36.433] [ToolMod] Dumping Zombie String: 98 : 黑曜石盲盒僵尸
[20:03:36.437] [ToolMod] Dumping Advanced Buff String:#0 撒豆成兵：魅帝召唤间隔从30秒减为10秒，并解锁亚种魅后菇
[20:03:36.437] [ToolMod] Dumping Advanced Buff String:#1 精兵强将：魅帝能召唤究极僵尸
[20:03:36.438] [ToolMod] Dumping Advanced Buff String:#2 枕戈待旦：毁灭机枪不再需要休息，并解锁亚种毁灭机枪胆小菇
[20:03:36.438] [ToolMod] Dumping Advanced Buff String:#3 核能威慑：毁灭机枪每轮都能发射大子弹
[20:03:36.440] [ToolMod] Dumping Advanced Buff String:#4 妙手回春：阳光帝果召唤消耗降低至200阳光
[20:03:36.440] [ToolMod] Dumping Advanced Buff String:#5 无关痛痒：阳光帝果限伤降低为10
[20:03:36.441] [ToolMod] Dumping Advanced Buff String:#6 尸愁之路：玄钢地刺王伤害x5，并解锁亚种玄钢坚果
[20:03:36.441] [ToolMod] Dumping Advanced Buff String:#7 百炼成钢：玄钢地刺王现在获得95%减伤
[20:03:36.442] [ToolMod] Dumping Advanced Buff String:#8 熠熠生辉：单个阳光提供的阳光量大幅增加
[20:03:36.444] [ToolMod] Dumping Advanced Buff String:#9 极速战备：手套冷却速度翻倍，且僵尸手套可以挪领袖
[20:03:36.445] [ToolMod] Dumping Advanced Buff String:#10 强力打击：植物的攻击力增加20%
[20:03:36.448] [ToolMod] Dumping Advanced Buff String:#11 精准打击：僵尸受到的伤害增加20%
[20:03:36.448] [ToolMod] Dumping Advanced Buff String:#12 腐化：僵尸每受到一次伤害，下次受到的伤害增加5%
[20:03:36.449] [ToolMod] Dumping Advanced Buff String:#13 全副武装：开启在游戏过程中自选卡牌的功能
[20:03:36.449] [ToolMod] Dumping Advanced Buff String:#14 合理投资：词条刷新次数+2
[20:03:36.449] [ToolMod] Dumping Advanced Buff String:#15 怒火攻心：红温增伤幅度从50%增至150%，并且火焰豌豆类会对僵尸附加红温效果
[20:03:36.450] [ToolMod] Dumping Advanced Buff String:#16 至极手速：手套挪动植物不再消耗冷却，且僵尸手套可以挪领袖
[20:03:36.451] [ToolMod] Dumping Advanced Buff String:#17 势如破竹：冰锥可以无限穿透，小冰机和小光机的攻击力增加50%
[20:03:36.451] [ToolMod] Dumping Advanced Buff String:#18 冻彻心扉：冰锥对冻结的单位造成伤害提升至10倍，并解锁亚种阳光机枪小喷菇
[20:03:36.452] [ToolMod] Dumping Advanced Buff String:#19 斗转星移：所有的流星冷却缩短为原来的1/2，且场上每多一个究极杨桃则提升300基础伤害
[20:03:36.452] [ToolMod] Dumping Advanced Buff String:#20 灯火通明：全场光照等级+4
[20:03:36.453] [ToolMod] Dumping Advanced Buff String:#21 多多益善：升级金盆的消耗不会超过8000
[20:03:36.453] [ToolMod] Dumping Advanced Buff String:#22 等价交换：金币数超出上限的部分将转化为阳光，转化率为2:1
[20:03:36.453] [ToolMod] Dumping Advanced Buff String:#23 人工智能：绿宝石伞现在可以自动开大，并解锁亚种红宝石伞
[20:03:36.459] [ToolMod] Dumping Advanced Buff String:#24 弹射起步：绿宝石伞可以让子弹弹到前方其他绿宝石伞上并叠加伤害（无上限），且伤害增幅从75%增加到125%
[20:03:36.460] [ToolMod] Dumping Advanced Buff String:#25 聚光盆：获得3000阳光然后使你的阳光翻倍，并使阳光上限增加到10万
[20:03:36.461] [ToolMod] Dumping Advanced Buff String:#26 运斤如风：锤子冷却降低为6秒
[20:03:36.462] [ToolMod] Dumping Advanced Buff String:#27 全息制冷：卡牌冷却减半
[20:03:36.462] [ToolMod] Dumping Advanced Buff String:#28 致命一击：僵尸受到超过1800伤害（计算减伤之后）时额外受到1800伤害
[20:03:36.462] [ToolMod] Dumping Advanced Buff String:#29 拆分：使用手套点击植物后可以拆解植物，有强制20秒的拆解冷却
[20:03:36.463] [ToolMod] Dumping Advanced Buff String:#30 肉身成圣：魅惑僵尸获得1000%啃咬伤害加成和80%减伤
[20:03:36.463] [ToolMod] Dumping Advanced Buff String:#31 百步穿杨：浴火三线的子弹可以无限穿透
[20:03:36.463] [ToolMod] Dumping Advanced Buff String:#32 复制中心：模仿者冷却时间大幅降低
[20:03:36.464] [ToolMod] Dumping Advanced Buff String:#33 连连看：两株相同植物一上一下时获得50%伤害加成和50%伤害减免
[20:03:36.464] [ToolMod] Dumping Advanced Buff String:#34 特制弹药：魔法猫尾草的僚机攻击力x3
[20:03:36.465] [ToolMod] Dumping Advanced Buff String:#35 一针见血：魔法猫尾草的基础攻击力x5
[20:03:36.465] [ToolMod] Dumping Advanced Buff String:#36 真正的樱桃炸弹：植物的爆炸樱桃子弹在接下来的3轮内升级为纯粹的樱桃爆炸
[20:03:36.466] [ToolMod] Dumping Advanced Buff String:#37 真正的毁灭菇：植物的毁灭菇子弹在接下来的3轮内升级为纯粹的毁灭菇爆炸
[20:03:36.466] [ToolMod] Dumping Advanced Buff String:#38 可控核聚变：所有毁灭菇爆炸不留弹坑，并解锁亚种贪欲菇
[20:03:36.467] [ToolMod] Dumping Advanced Buff String:#39 人多势众：幻灭菇爆炸时召唤额外的魅惑巨人僵尸和魅惑冰车
[20:03:36.467] [ToolMod] Dumping Advanced Buff String:#40 我是传奇：究极樱桃战神和究极高坚果同时在场时，战神的攻击变成范围伤害，血量不再有上限，究高额外获得90%伤害减免
[20:03:36.467] [ToolMod] Dumping Advanced Buff String:#41 大富翁：基于当前金钱数量增加摇钱火炬的子弹伤害比例，每1000增加2%
[20:03:36.468] [ToolMod] Dumping Advanced Buff String:#42 挥金如土：摇钱三线火炬的子弹附带火焰豌豆一样的溅射效果
[20:03:36.473] [ToolMod] Dumping Advanced Buff String:#43 过载：僵尸一段时间没有受到攻击后，下次受到的伤害大幅增加
[20:03:36.473] [ToolMod] Dumping Advanced Buff String:#44 排山倒海：一种种一列
[20:03:36.474] [ToolMod] Dumping Advanced Buff String:#45 星神合一：当场上有至少10个究极杨桃大帝和10个究极太阳神卷心菜，太阳神召唤的小太阳不会消失且伤害x5，且持续召唤太阳神流星
[20:03:36.475] [ToolMod] Dumping Advanced Buff String:#46 量子护盾：仙萤伞能量上限x10，回复速度x20，治疗速度x2
[20:03:36.475] [ToolMod] Dumping Advanced Buff String:#47 高能射线：仙萤伞的普通攻击的倍率增加至300%，爆炸倍率增加至1000%，间隔降低为2秒
[20:03:36.476] [ToolMod] Dumping Advanced Buff String:#48 极致之冰：僵尸受到冻结的时间增加25%，寒冷减速幅度增加至75%
[20:03:36.476] [ToolMod] Dumping Advanced Buff String:#49 枪枪爆头：铁豆小队每次狙击都会爆头，且每次狙击后有概率瞬狙若干次，但是狙击攻速降低
[20:03:36.477] [ToolMod] Dumping Advanced Buff String:#50 开炮：提高铁豆小队炮弹的爆炸伤害和击退能力
[20:03:36.477] [ToolMod] Dumping Advanced Buff String:#51 火力全开：究极樱桃射手攻击时会有超级樱桃子弹协同射击，究极窝炬燃烧一行火焰升级为全屏
[20:03:36.477] [ToolMod] Dumping Advanced Buff String:#52 电涌穿透：电能豌豆的子弹每次攻击对本体额外造成总血量5%的伤害
[20:03:36.478] [ToolMod] Dumping Advanced Buff String:#53 三人成虎：三个在同一格时，伤害*3
[20:03:36.478] [ToolMod] Dumping Advanced Buff String:#54 不得寸进：铁豆可穿透四次
[20:03:36.479] [ToolMod] Dumping Advanced Buff String:#55 难度开了：幻灭猫瓜代码杀全场僵尸
[20:03:36.479] [ToolMod] Dumping Advanced Buff String:#56 满屋蒜香：究极蒜大喷菇攻击时取消僵尸蒜值上限
[20:03:36.480] [ToolMod] Dumping Advanced Buff String:#57 超剧毒：究极蒜大喷菇可以对僵尸额外造成总血量×蒜值%的伤害
[20:03:36.481] [ToolMod] Dumping Advanced Buff String:#58 冰蒜天：究极蒜大喷菇可以在僵尸被冻结时使僵尸蒜值增加e的(本行究极投手总数+1)次方，对僵尸本体额外造成(蒜值×(本行究极投手总数+1)的三次方)伤害
[20:03:36.487] [ToolMod] Dumping Advanced Buff String:#59 彩虹伞神：当场上同时有9种宝石伞时，所有钱币花费量降为500
[20:03:36.488] [ToolMod] Dumping Advanced Buff String:#60 保护保护伞：紫、黑、魅宝石伞触发被动时受伤大幅减少且可被替伤
[20:03:36.488] [ToolMod] Dumping Advanced Buff String:#61 求生玉：本身血量低于300时，投掷出黄油的概率提升到1/2，僚机伤害360*2/s
[20:03:36.488] [ToolMod] Dumping Advanced Buff String:#62 瓜里藏刀：每个冰毁瓜子弹对僵尸额外造成5%血量伤害
[20:03:36.489] [ToolMod] Dumping Advanced Buff String:#63 真正的冰毁瓜：每个冰毁瓜子弹落地时直接生成3600伤害的寒冰毁灭菇爆炸，范围全屏
[20:03:36.489] [ToolMod] Dumping Ultimate Buff String:#0 嗜血如命：究极樱桃战神回血量x3
[20:03:36.490] [ToolMod] Dumping Ultimate Buff String:#1 坚毅不倒：究极樱桃战神濒死状态的无敌时间延长到10秒
[20:03:36.490] [ToolMod] Dumping Ultimate Buff String:#2 力大砖飞：植物造成的樱桃爆炸伤害x3
[20:03:36.491] [ToolMod] Dumping Ultimate Buff String:#3 快速填装：降低究极樱桃机枪的攻击间隔至1秒
[20:03:36.491] [ToolMod] Dumping Ultimate Buff String:#4 凛风刺骨：究极大喷菇的伤害频率x3，亚种究极仙人掌为子弹伤害x3
[20:03:36.492] [ToolMod] Dumping Ultimate Buff String:#5 三尺之寒：僵尸解除冻结时受到30%当前生命值的伤害
[20:03:36.492] [ToolMod] Dumping Ultimate Buff String:#6 事半功倍：降低究极窝炬生成窝瓜需要的子弹数至10
[20:03:36.493] [ToolMod] Dumping Ultimate Buff String:#7 窝红温了：究极窝炬没有位置生产窝瓜时将会直接燃烧一整行的僵尸
[20:03:36.493] [ToolMod] Dumping Ultimate Buff String:#8 流星雨：降低究极杨桃的攻击间隔至0.5秒
[20:03:36.493] [ToolMod] Dumping Ultimate Buff String:#9 众星之力：究极杨桃的子弹基础攻击力翻倍并且攻击力不再有上限
[20:03:36.494] [ToolMod] Dumping Ultimate Buff String:#10 万籁俱寂：究极忧郁菇亡语伤害增加到1000000
[20:03:36.494] [ToolMod] Dumping Ultimate Buff String:#11 以爆制爆：究极忧郁菇免疫爆炸，每吸收10000点爆炸伤害将释放毁灭菇爆炸
[20:03:36.495] [ToolMod] Dumping Ultimate Buff String:#12 见者有份：究极投手散射概率提升至100%
[20:03:36.499] [ToolMod] Dumping Ultimate Buff String:#13 瓜熟蒂落：究极投手附带瓜盆效果
[20:03:36.500] [ToolMod] Dumping Ultimate Buff String:#14 中心爆破：究极大炮的中心点爆炸伤害x4
[20:03:36.501] [ToolMod] Dumping Ultimate Buff String:#15 兵贵神速：究极大炮的装填时间降为原来的1/3
[20:03:36.501] [ToolMod] Dumping Ultimate Buff String:#16 冰淬火炼：黑曜石高坚果受到寒冰菇效果回血10000，火爆辣椒效果回满血
[20:03:36.502] [ToolMod] Dumping Ultimate Buff String:#17 两肋插刀：黑曜石高坚果会代替左右两株植物受伤
[20:03:36.502] [ToolMod] Dumping Ultimate Buff String:#18 普度众生：究极魅惑菇子弹的魅惑血量阈值从50%提高到100%
[20:03:36.502] [ToolMod] Dumping Ultimate Buff String:#19 永动机：究极魅惑菇永远处于高能状态，且攻击间隔缩短至1秒
[20:03:36.503] [ToolMod] Dumping Ultimate Buff String:#20 阻冲之：究极炮塔的攻击力和击退强度大幅提高
[20:03:36.503] [ToolMod] Dumping Ultimate Buff String:#21 狂战士：究极炮塔血量越低防御力越高，当血量低于100时免疫低于100的伤害
[20:03:36.504] [ToolMod] Dumping Ultimate Buff String:#22 金光闪闪：太阳神卷心菜的子弹获得阳光卷心菜子弹的效果
[20:03:36.504] [ToolMod] Dumping Ultimate Buff String:#23 人造太阳：太阳神卷心菜召唤的小太阳伤害x3
[20:03:36.504] [ToolMod] Dumping Ultimate Buff String:#24 三位一体：究极南瓜的僚机增加至3个
[20:03:36.505] [ToolMod] Dumping Ultimate Buff String:#25 镭射激光：究极南瓜的僚机攻击力x3
[20:03:36.505] [ToolMod] Dumping Ultimate Buff String:#26 高瞻远瞩：究极火神弹弹菇的射程变为一整行
[20:03:36.506] [ToolMod] Dumping Ultimate Buff String:#27 僵尸试图在火海中游泳：究极火神弹弹菇的火海持续时间翻倍
[20:03:36.506] [ToolMod] Dumping Ultimate Buff String:#28 厚积薄发：每拥有1000积分，植物的攻击力增加5%，该加成不会超过400%
[20:03:36.506] [ToolMod] Dumping Ultimate Buff String:#29 打折券：商店的词条价格降低30%
[20:03:36.507] [ToolMod] Dumping Ultimate Buff String:#30 无尽贪婪：究极时空玉米的黑洞可以吸引一切子弹
[20:03:36.507] [ToolMod] Dumping Ultimate Buff String:#31 万劫不复：究极时空玉米的黑洞吸引范围大幅增加
[20:03:36.512] [ToolMod] Dumping Debuff String:#0 机枪读报愤怒的时候会无视植物
[20:03:36.513] [ToolMod] Dumping Debuff String:#1 机枪读报免疫状态异常
[20:03:36.513] [ToolMod] Dumping Debuff String:#2 被黑橄榄攻击的植物在短时间内无法回血
[20:03:36.514] [ToolMod] Dumping Debuff String:#3 被黑橄榄攻击的植物在短时间内受到的伤害x3
[20:03:36.514] [ToolMod] Dumping Debuff String:#4 超级机械海豚的移动速度翻倍
[20:03:36.514] [ToolMod] Dumping Debuff String:#5 超级机械海豚获得50%伤害减免
[20:03:36.515] [ToolMod] Dumping Debuff String:#6 基洛夫免疫三叶草效果，且飞行速度加快
[20:03:36.515] [ToolMod] Dumping Debuff String:#7 基洛夫的僚机血量大幅增加
[20:03:36.515] [ToolMod] Dumping Debuff String:#8 丑跳一定爆炸，且蓄力时间大幅降低
[20:03:36.516] [ToolMod] Dumping Debuff String:#9 被小丑爆炸影响的小丑类僵尸会变成丑跳
[20:03:36.516] [ToolMod] Dumping Debuff String:#10 三叉戟伤害x5
[20:03:36.517] [ToolMod] Dumping Debuff String:#11 三叉戟僵尸现在随机挑选目标攻击
[20:03:36.517] [ToolMod] Dumping Debuff String:#12 白舞王现在能召唤白色撑杆舞王僵尸
[20:03:36.517] [ToolMod] Dumping Debuff String:#13 白舞王遇到植物不会停下
[20:03:36.518] [ToolMod] Dumping Debuff String:#14 尸王死亡的爆炸伤害不可被小丑南瓜等免疫
[20:03:36.518] [ToolMod] Dumping Debuff String:#15 尸王的冲刺间隔降低，且攻击力大幅增加
[20:03:36.518] [ToolMod] Dumping Debuff String:#16 三叉戟冲车免疫控制，且投掷数量x5
[20:03:36.519] [ToolMod] Dumping Debuff String:#17 你的每株植物有1/3概率会立即死亡
[20:03:36.519] [ToolMod] Dumping Debuff String:#18 令你的阳光数归零
[20:03:36.519] [ToolMod] Dumping Debuff String:#19 所有僵尸的血量翻倍
[20:03:36.520] [ToolMod] Dumping Debuff String:#20 每一波出现的僵尸数量最大值增加到100
[20:03:36.524] [ToolMod] Dumping Debuff String:#21 每关都会出现舞王冰车，且死亡时额外召唤一个白舞王
[20:03:36.525] [ToolMod] Dumping Debuff String:#22 舞王冰车的移动速度大幅增加
[20:03:36.526] [ToolMod] Dumping Debuff String:#23 黑曜石巨人死亡时会召唤僵王博士
[20:03:36.526] [ToolMod] Dumping Debuff String:#24 究极三叉戟僵尸将会出现
[20:03:36.527] [ToolMod] Dumping Debuff String:#25 究极机械坚果僵尸将会出现
[20:03:36.527] [ToolMod] Dumping Debuff String:#26 黑橄榄将军将会出现
[20:03:36.527] [ToolMod] Dumping Debuff String:#27 究极裂空机甲将会出现
[20:03:36.528] [ToolMod] Dumping Debuff String:#28 究极白舞台车僵尸将会出现
[20:03:36.528] [ToolMod] Dumping Debuff String:#29 究极读报僵尸将会出现
[20:03:36.528] [ToolMod] Dumping Debuff String:#30 蹦极有概率空投究极僵尸,且额外获得90%减伤
[20:03:36.528] [ToolMod] Dumping Debuff String:#31 究极小丑僵尸将会出现
[20:03:36.529] [ToolMod] Dumping Debuff String:#32 僵尸死亡时有概率满血复活
[20:03:36.529] [ToolMod] Dumping Debuff String:#33 你的植物数量不能超过120
[20:03:36.530] [ToolMod] Dumping Debuff String:#34 阿尔法僵尸小队也会作为领袖出现
[20:03:36.530] [ToolMod] Dumping Debuff String:#35 阿尔法僵尸小队会无限复活
[20:03:36.530] [ToolMod] Dumping Debuff String:#36 三叉戟冲车会提前攻击
[20:03:36.531] [ToolMod] Dumping Debuff String:#37 黑曜石盲盒僵尸只开出领袖僵尸
[20:03:36.532] [ToolMod] Dumping Bullet String: 0 : Bullet_pea
[20:03:36.534] [ToolMod] Dumping Bullet String: 1 : Bullet_cherry
[20:03:36.537] [ToolMod] Dumping Bullet String: 2 : Bullet_nut
[20:03:36.538] [ToolMod] Dumping Bullet String: 3 : Bullet_superCherry
[20:03:36.546] [ToolMod] Dumping Bullet String: 4 : Bullet_zombieBlock
[20:03:36.546] [ToolMod] Dumping Bullet String: 5 : Bullet_zombieBlock2
[20:03:36.547] [ToolMod] Dumping Bullet String: 6 : Bullet_zombieBlock3
[20:03:36.549] [ToolMod] Dumping Bullet String: 7 : Bullet_potato
[20:03:36.551] [ToolMod] Dumping Bullet String: 8 : Bullet_smallSun
[20:03:36.552] [ToolMod] Dumping Bullet String: 9 : Bullet_puff
[20:03:36.552] [ToolMod] Dumping Bullet String: 10 : Bullet_puffPea
[20:03:36.552] [ToolMod] Dumping Bullet String: 11 : Bullet_ironPea
[20:03:36.553] [ToolMod] Dumping Bullet String: 12 : Bullet_threeSpike
[20:03:36.553] [ToolMod] Dumping Bullet String: 13 : Bullet_puffRandomColor
[20:03:36.554] [ToolMod] Dumping Bullet String: 14 : Bullet_puffLove
[20:03:36.554] [ToolMod] Dumping Bullet String: 15 : Bullet_snowPea
[20:03:36.554] [ToolMod] Dumping Bullet String: 16 : Bullet_snowPuffPea
[20:03:36.555] [ToolMod] Dumping Bullet String: 17 : Bullet_iceSpark
[20:03:36.555] [ToolMod] Dumping Bullet String: 18 : Bullet_smallIceSpark
[20:03:36.555] [ToolMod] Dumping Bullet String: 20 : Bullet_magicTrack
[20:03:36.556] [ToolMod] Dumping Bullet String: 21 : Bullet_snowPuff
[20:03:36.556] [ToolMod] Dumping Bullet String: 22 : Bullet_blackPuff
[20:03:36.556] [ToolMod] Dumping Bullet String: 23 : Bullet_doom
[20:03:36.557] [ToolMod] Dumping Bullet String: 24 : Bullet_iceDoom
[20:03:36.557] [ToolMod] Dumping Bullet String: 25 : Bullet_firePea_yellow
[20:03:36.558] [ToolMod] Dumping Bullet String: 26 : Bullet_firePea_orange
[20:03:36.562] [ToolMod] Dumping Bullet String: 27 : Bullet_firePea_red
[20:03:36.562] [ToolMod] Dumping Bullet String: 28 : Bullet_squash
[20:03:36.563] [ToolMod] Dumping Bullet String: 29 : Bullet_kelp
[20:03:36.564] [ToolMod] Dumping Bullet String: 30 : Bullet_fireKelp
[20:03:36.564] [ToolMod] Dumping Bullet String: 32 : Bullet_squashKelp
[20:03:36.564] [ToolMod] Dumping Bullet String: 33 : Bullet_normalTrack
[20:03:36.565] [ToolMod] Dumping Bullet String: 34 : Bullet_iceTrack
[20:03:36.565] [ToolMod] Dumping Bullet String: 35 : Bullet_fireTrack
[20:03:36.565] [ToolMod] Dumping Bullet String: 36 : Bullet_cherrySquash
[20:03:36.566] [ToolMod] Dumping Bullet String: 37 : Bullet_cactus
[20:03:36.566] [ToolMod] Dumping Bullet String: 38 : Bullet_lanternCactus_glow
[20:03:36.566] [ToolMod] Dumping Bullet String: 39 : Bullet_star
[20:03:36.567] [ToolMod] Dumping Bullet String: 40 : Bullet_lanternStar
[20:03:36.567] [ToolMod] Dumping Bullet String: 41 : Bullet_seaStar
[20:03:36.567] [ToolMod] Dumping Bullet String: 42 : Bullet_cactusStar
[20:03:36.568] [ToolMod] Dumping Bullet String: 43 : Bullet_jackboxStar
[20:03:36.568] [ToolMod] Dumping Bullet String: 44 : Bullet_pickaxeStar
[20:03:36.569] [ToolMod] Dumping Bullet String: 45 : Bullet_magnetStar
[20:03:36.569] [ToolMod] Dumping Bullet String: 46 : Bullet_ironStar
[20:03:36.569] [ToolMod] Dumping Bullet String: 47 : Bullet_magnetCactus
[20:03:36.570] [ToolMod] Dumping Bullet String: 48 : Bullet_superStar
[20:03:36.570] [ToolMod] Dumping Bullet String: 49 : Bullet_ultimateStar
[20:03:36.570] [ToolMod] Dumping Bullet String: 50 : Bullet_firePea_small
[20:03:36.571] [ToolMod] Dumping Bullet String: 51 : Bullet_sword
[20:03:36.576] [ToolMod] Dumping Bullet String: 52 : Bullet_cabbage
[20:03:36.576] [ToolMod] Dumping Bullet String: 53 : Bullet_sunCabbage
[20:03:36.577] [ToolMod] Dumping Bullet String: 54 : Bullet_kernal
[20:03:36.577] [ToolMod] Dumping Bullet String: 55 : Bullet_butter
[20:03:36.578] [ToolMod] Dumping Bullet String: 56 : Bullet_bigKernal
[20:03:36.578] [ToolMod] Dumping Bullet String: 57 : Bullet_bigButter
[20:03:36.578] [ToolMod] Dumping Bullet String: 58 : Bullet_basketball
[20:03:36.579] [ToolMod] Dumping Bullet String: 59 : Bullet_melon
[20:03:36.579] [ToolMod] Dumping Bullet String: 60 : Bullet_winterMelon
[20:03:36.580] [ToolMod] Dumping Bullet String: 61 : Bullet_garlicKernal
[20:03:36.580] [ToolMod] Dumping Bullet String: 62 : Bullet_garlicButter
[20:03:36.580] [ToolMod] Dumping Bullet String: 63 : Bullet_garlicCabbage
[20:03:36.581] [ToolMod] Dumping Bullet String: 64 : Bullet_garlicMelon
[20:03:36.581] [ToolMod] Dumping Bullet String: 65 : Bullet_cannon
[20:03:36.581] [ToolMod] Dumping Bullet String: 66 : Bullet_cornMelon
[20:03:36.582] [ToolMod] Dumping Bullet String: 67 : Bullet_butterMelon
[20:03:36.582] [ToolMod] Dumping Bullet String: 68 : Bullet_fireCannon
[20:03:36.583] [ToolMod] Dumping Bullet String: 69 : Bullet_iceCannon
[20:03:36.583] [ToolMod] Dumping Bullet String: 70 : Bullet_cabbageMelon
[20:03:36.583] [ToolMod] Dumping Bullet String: 71 : Bullet_superMelon
[20:03:36.584] [ToolMod] Dumping Bullet String: 72 : Bullet_ultimateMelon
[20:03:36.588] [ToolMod] Dumping Bullet String: 73 : Bullet_melonCannon
[20:03:36.589] [ToolMod] Dumping Bullet String: 74 : Bullet_silverCabbage
[20:03:36.590] [ToolMod] Dumping Bullet String: 75 : Bullet_goldCabbage
[20:03:36.590] [ToolMod] Dumping Bullet String: 76 : Bullet_silverKernal
[20:03:36.590] [ToolMod] Dumping Bullet String: 77 : Bullet_goldKernal
[20:03:36.591] [ToolMod] Dumping Bullet String: 78 : Bullet_silverButter
[20:03:36.591] [ToolMod] Dumping Bullet String: 79 : Bullet_goldButter
[20:03:36.592] [ToolMod] Dumping Bullet String: 80 : Bullet_smallGoldCannon
[20:03:36.592] [ToolMod] Dumping Bullet String: 81 : Bullet_silverMelon
[20:03:36.593] [ToolMod] Dumping Bullet String: 82 : Bullet_goldMelon
[20:03:36.593] [ToolMod] Dumping Bullet String: 83 : Bullet_goldMelonCannon
[20:03:36.594] [ToolMod] Dumping Bullet String: 84 : Bullet_ultimateCannon
[20:03:36.594] [ToolMod] Dumping Bullet String: 85 : Bullet_ultimateKernal
[20:03:36.594] [ToolMod] Dumping Bullet String: 86 : Bullet_fireMelon
[20:03:36.595] [ToolMod] Dumping Bullet String: 87 : Bullet_firePea_super
[20:03:36.595] [ToolMod] Dumping Bullet String: 89 : Bullet_garlicBomb
[20:03:36.595] [ToolMod] Dumping Bullet String: 90 : Bullet_puffIronPea
[20:03:36.596] [ToolMod] Dumping Bullet String: 91 : Bullet_lourCactus
[20:03:36.596] [ToolMod] Dumping Bullet String: 92 : Bullet_puffPotato
[20:03:36.596] [ToolMod] Dumping Bullet String: 93 : Bullet_steelPea
[20:03:36.597] [ToolMod] Dumping Bullet String: 94 : Bullet_shulkLeaf
[20:03:36.597] [ToolMod] Dumping Bullet String: 95 : Bullet_sunSpike
[20:03:36.597] [ToolMod] Dumping Bullet String: 96 : Bullet_endoSun
[20:03:36.602] [ToolMod] Dumping Bullet String: 97 : Bullet_extremeSnowPea
[20:03:36.603] [ToolMod] Dumping Bullet String: 98 : Bullet_silverCoin
[20:03:36.604] [ToolMod] Dumping Bullet String: 99 : Bullet_goldCoin
[20:03:36.604] [ToolMod] Dumping Bullet String: 100 : Bullet_ultimateCactus
[20:03:36.605] [ToolMod] Dumping Bullet String: 101 : Bullet_snowBall
[20:03:36.605] [ToolMod] Dumping Bullet String: 102 : Bullet_doomCactus
[20:03:36.605] [ToolMod] Dumping Bullet String: 103 : Bullet_bigMelon
[20:03:36.606] [ToolMod] Dumping Bullet String: 104 : Bullet_fireStar
[20:03:36.606] [ToolMod] Dumping Bullet String: 105 : Bullet_fireCherry
[20:03:36.606] [ToolMod] Dumping Bullet String: 106 : Bullet_lanternCactus_dark
[20:03:36.607] [ToolMod] Dumping Bullet String: 107 : Bullet_firePea_ultimate
[20:03:36.607] [ToolMod] Dumping Bullet String: 108 : Bullet_redIronPea
[20:03:36.608] [ToolMod] Dumping Bullet String: 109 : Bullet_normalSun
[20:03:36.608] [ToolMod] Dumping Bullet String: 110 : Bullet_firePea_purple
[20:03:36.608] [ToolMod] Dumping Bullet String: 111 : Bullet_springMelon
[20:03:36.609] [ToolMod] Dumping Bullet String: 112 : Bullet_smallKernal
[20:03:36.609] [ToolMod] Dumping Bullet String: 113 : Bullet_smallButter
[20:03:36.609] [ToolMod] Dumping Bullet String: 114 : Bullet_portalPea
[20:03:36.610] [ToolMod] Dumping Bullet String: 115 : Bullet_goldSquashKelp
[20:03:36.610] [ToolMod] Dumping Bullet String: 116 : Bullet_ironPea_air
[20:03:36.610] [ToolMod] Dumping Bullet String: 117 : Bullet_kernal_magnet
[20:03:36.611] [ToolMod] Dumping Bullet String: 118 : Bullet_butter_magnet
[20:03:36.611] [ToolMod] Dumping Bullet String: 119 : Bullet_kernal_portal
[20:03:36.611] [ToolMod] Dumping Bullet String: 120 : Bullet_butter_portal
[20:03:36.616] [ToolMod] Dumping Bullet String: 121 : Bullet_kernal_iron
[20:03:36.617] [ToolMod] Dumping Bullet String: 122 : Bullet_butter_iron
[20:03:36.618] [ToolMod] Dumping Bullet String: 123 : Bullet_pea_doom
[20:03:36.618] [ToolMod] Dumping Bullet String: 124 : Bullet_pea_doom_fire
[20:03:36.619] [ToolMod] Dumping Bullet String: 125 : Bullet_doom_fire
[20:03:36.619] [ToolMod] Dumping Bullet String: 126 : Bullet_doom_big
[20:03:36.619] [ToolMod] Dumping Bullet String: 127 : Bullet_spruce
[20:03:36.620] [ToolMod] Dumping Bullet String: 128 : Bullet_spruceShulk
[20:03:36.620] [ToolMod] Dumping Bullet String: 129 : Bullet_icePeach
[20:03:36.620] [ToolMod] Dumping Bullet String: 130 : Bullet_passionFruit
[20:03:36.621] [ToolMod] Dumping Bullet String: 131 : Bullet_passionFruit2
[20:03:36.621] [ToolMod] Dumping Bullet String: 132 : Bullet_water
[20:03:36.622] [ToolMod] Dumping Bullet String: 133 : Bullet_iceBlock
[20:03:36.622] [ToolMod] Dumping Bullet String: 134 : Bullet_water_big
[20:03:36.622] [ToolMod] Dumping Bullet String: 135 : Bullet_iceBlock_big
[20:03:36.623] [ToolMod] Dumping Bullet String: 136 : Bullet_shulkLeaf_water
[20:03:36.623] [ToolMod] Dumping Bullet String: 137 : Bullet_iceBlock_recover
[20:03:36.623] [ToolMod] Dumping Bullet String: 138 : Bullet_shulkLeaf_ice
[20:03:36.624] [ToolMod] Dumping Bullet String: 139 : Bullet_lotusSpruce
[20:03:36.624] [ToolMod] Dumping Bullet String: 140 : Bullet_kernal_ultimate
[20:03:36.625] [ToolMod] Dumping Bullet String: 141 : Bullet_blackHole_gold
[20:03:36.625] [ToolMod] Dumping Bullet String: 2027 : Bullet_HypnoCherry
[20:03:36.625] [ToolMod] Dumping Bullet String: 903 : ProjectileElectricPea
[20:03:36.626] [ToolMod] Dumping Bullet String: 2047 : Bullet_PuffIronPeaPierce
[20:03:36.631] [ToolMod] Dumping Bullet String: 902 : ProjectileCannon_wintermelon
[20:03:36.632] [ToolMod] Dumping Bullet String: 15021 : Bullet_UltimateKernal
[20:03:36.632] [ToolMod] Dumping Bullet String: 15022 : Bullet_UltimateButter
[20:03:36.633] [ToolMod] Dumping Bullet String: 901 : ProjectileCannon_UltimateWinterMelon
[20:03:36.633] [ToolMod] 以上id信息为动态生成，仅适用于当前游戏实例！！！
[20:03:36.633] [ToolMod] 以上id信息为动态生成，仅适用于当前游戏实例！！！
[20:03:36.634] [ToolMod] 以上id信息为动态生成，仅适用于当前游戏实例！！！
[20:19:32.744] [Il2CppInterop] During invoking native->managed trampoline
Il2CppInterop.Runtime.Il2CppException: System.NullReferenceException: Object reference not set to an instance of an object.
--- BEGIN IL2CPP STACK TRACE ---
System.NullReferenceException: Object reference not set to an instance of an object.

--- END IL2CPP STACK TRACE ---

   at Il2CppInterop.Runtime.Il2CppException.RaiseExceptionIfNecessary(IntPtr returnedException) in D:\Beta\projects\Il2CppInterop\Il2CppInterop.Runtime\Il2CppException.cs:line 36
   at UnityEngine.GameObject.get_transform()
   at SelectCustomPlants.MelonLoader.SelectCustomPlants.InitCustomCards()
   at DMD<Il2Cpp.Board::Start>(Board this)
   at (il2cpp -> managed) Start(IntPtr , Il2CppMethodInfo* )
[09:38:19.517] [ToolMod] 操作失败，可能是点太快或设置词条时出错，取消后重设置一下吧。
